#
# A fatal error has been detected by the Java Runtime Environment:
#
#  SIGBUS (0xa) at pc=0x00000001009c3e92, pid=18182, tid=0x0000000000007b03
#
# JRE version: Java(TM) SE Runtime Environment (8.0_101-b13) (build 1.8.0_101-b13)
# Java VM: Java HotSpot(TM) 64-Bit Server VM (25.101-b13 mixed mode bsd-amd64 compressed oops)
# Problematic frame:
# C  [libzip.dylib+0x2e92]  newEntry+0x154
#
# Failed to write core dump. Core dumps have been disabled. To enable core dumping, try "ulimit -c unlimited" before starting Java again
#
# If you would like to submit a bug report, please visit:
#   http://bugreport.java.com/bugreport/crash.jsp
# The crash happened outside the Java Virtual Machine in native code.
# See problematic frame for where to report the bug.
#

---------------  T H R E A D  ---------------

Current thread (0x00007fb93e304000):  JavaThread "Timer-1" daemon [_thread_in_native, id=31491, stack(0x000070000de6d000,0x000070000df6d000)]

siginfo: si_signo: 10 (SIGBUS), si_code: 2 (BUS_ADRERR), si_addr: 0x000000011ae2e98e

Registers:
RAX=0x00007fb93d6f1480, RBX=0x000000011ae2e982, RCX=0x0000000000000001, RDX=0x0000000000000000
RSP=0x000070000df6ab30, RBP=0x000070000df6ab90, RSI=0x0000000020000000, RDI=0x000000000000004d
R8 =0x0000000000000048, R9 =0x00007fb93f804d80, R10=0x00000000e0000000, R11=0x00006ff877d0b556
R12=0x00007fb93ec2d000, R13=0x0000000000010b00, R14=0x000000001e47c39e, R15=0x00007fb93f8b5a30
RIP=0x00000001009c3e92, EFLAGS=0x0000000000010206, ERR=0x0000000000000004
  TRAPNO=0x000000000000000e

Top of Stack: (sp=0x000070000df6ab30)
0x000070000df6ab30:   00007fb93e304000 000000001ada1290
0x000070000df6ab40:   0000000109d3ffff 000000010700d3d8
0x000070000df6ab50:   000070000df6ab70 00007fb93d6f1480
0x000070000df6ab60:   00007fb93f804d80 00007fb93d6f1480
0x000070000df6ab70:   00007fb93ec2d000 0000000000010b00
0x000070000df6ab80:   000000001e47c39e 00007fb93f8b5a30
0x000070000df6ab90:   000070000df6abf0 00000001009c452d
0x000070000df6aba0:   000070000df6ac51 000070000df6ac50
0x000070000df6abb0:   0000004100000000 0000004201304000
0x000070000df6abc0:   000070000df6ac0e 000070000df6b058
0x000070000df6abd0:   0000000000000042 000070000df6ac0e
0x000070000df6abe0:   00007fb93d6f1480 00007fb93e3041f8
0x000070000df6abf0:   000070000df6b040 00000001009c3238
0x000070000df6ac00:   00000007401a2af0 6f63000100000001
0x000070000df6ac10:   656c676f6f672f6d 74736f687070612f
0x000070000df6ac20:   6c6974752f676e69 656c767265732f73
0x000070000df6ac30:   61736e6172542f74 656c436e6f697463
0x000070000df6ac40:   746c694670756e61 7373616c632e7265
0x000070000df6ac50:   000070000df6ac00 0000000800000002
0x000070000df6ac60:   000070000df6ac00 00007fb93d5e9130
0x000070000df6ac70:   00007fb93d67d720 00007fb93d67d730
0x000070000df6ac80:   00007fb93d67db08 00000000000003d8
0x000070000df6ac90:   0000000101a2bc30 000000010780f6f0
0x000070000df6aca0:   000000009625e340 0000000000000000
0x000070000df6acb0:   0000000000000000 000000010919e968
0x000070000df6acc0:   000000010700d3d8 00007fb93e304000
0x000070000df6acd0:   000000010700d3d8 00007fb93e304000
0x000070000df6ace0:   000000010700d3d8 00007fb93e304000
0x000070000df6acf0:   000000010700d3d8 000000010700d3d8
0x000070000df6ad00:   000000010700d3d8 00007fb93d5037d0
0x000070000df6ad10:   00007fb93e304000 000070000df6ae00
0x000070000df6ad20:   00007fb93d5eae38 00007fb93d5eae30 

Instructions: (pc=0x00000001009c3e92)
0x00000001009c3e72:   49 8b 7f 38 e8 5b 1b 00 00 4d 89 77 38 49 89 5f
0x00000001009c3e82:   40 4c 89 f0 48 85 c0 0f 84 11 05 00 00 48 89 c3
0x00000001009c3e92:   0f b6 43 0c 0f b6 4b 0d 48 c1 e1 08 48 01 c1 0f
0x00000001009c3ea2:   b6 43 0e 0f b6 53 0f 48 c1 e2 08 48 01 c2 48 c1 

Register to memory mapping:

RAX=0x00007fb93d6f1480 is an unknown value
RBX=0x000000011ae2e982 is an unknown value
RCX=0x0000000000000001 is an unknown value
RDX=0x0000000000000000 is an unknown value
RSP=0x000070000df6ab30 is pointing into the stack for thread: 0x00007fb93e304000
RBP=0x000070000df6ab90 is pointing into the stack for thread: 0x00007fb93e304000
RSI=0x0000000020000000 is an unknown value
RDI=0x000000000000004d is an unknown value
R8 =0x0000000000000048 is an unknown value
R9 =0x00007fb93f804d80 is an unknown value
R10=0x00000000e0000000 is an unknown value
R11=0x00006ff877d0b556 is an unknown value
R12=0x00007fb93ec2d000 is an unknown value
R13=0x0000000000010b00 is an unknown value
R14=0x000000001e47c39e is an unknown value
R15=0x00007fb93f8b5a30 is an unknown value


Stack: [0x000070000de6d000,0x000070000df6d000],  sp=0x000070000df6ab30,  free space=1014k
Native frames: (J=compiled Java code, j=interpreted, Vv=VM code, C=native code)
C  [libzip.dylib+0x2e92]  newEntry+0x154
C  [libzip.dylib+0x352d]  ZIP_GetEntry2+0xd4
C  [libzip.dylib+0x2238]  Java_java_util_zip_ZipFile_getEntry+0xcf
J 362  java.util.zip.ZipFile.getEntry(J[BZ)J (0 bytes) @ 0x00000001098831ce [0x0000000109883100+0xce]
J 1774 C2 sun.misc.URLClassPath$JarLoader.getResource(Ljava/lang/String;Z)Lsun/misc/Resource; (85 bytes) @ 0x0000000109a1a2a0 [0x0000000109a19dc0+0x4e0]
J 1775 C2 sun.misc.URLClassPath.getResource(Ljava/lang/String;Z)Lsun/misc/Resource; (83 bytes) @ 0x00000001098b197c [0x00000001098b1860+0x11c]
J 1087 C1 java.net.URLClassLoader$1.run()Ljava/lang/Class; (63 bytes) @ 0x0000000109a72efc [0x0000000109a72ce0+0x21c]
J 1086 C1 java.net.URLClassLoader$1.run()Ljava/lang/Object; (5 bytes) @ 0x0000000109a7294c [0x0000000109a728c0+0x8c]
v  ~StubRoutines::call_stub
V  [libjvm.dylib+0x2ecf06]  JavaCalls::call_helper(JavaValue*, methodHandle*, JavaCallArguments*, Thread*)+0x6ae
V  [libjvm.dylib+0x34d69c]  JVM_DoPrivileged+0x4b8
J 1085  java.security.AccessController.doPrivileged(Ljava/security/PrivilegedExceptionAction;Ljava/security/AccessControlContext;)Ljava/lang/Object; (0 bytes) @ 0x0000000109a72615 [0x0000000109a72540+0xd5]
J 982 C1 java.net.URLClassLoader.findClass(Ljava/lang/String;)Ljava/lang/Class; (47 bytes) @ 0x0000000109a38ed4 [0x0000000109a38d40+0x194]
J 145 C1 java.lang.ClassLoader.loadClass(Ljava/lang/String;Z)Ljava/lang/Class; (122 bytes) @ 0x000000010980ee44 [0x000000010980e4e0+0x964]
J 1555 C1 com.google.appengine.tools.development.IsolatedAppClassLoader.loadClass(Ljava/lang/String;Z)Ljava/lang/Class; (99 bytes) @ 0x0000000109c18fe4 [0x0000000109c184c0+0xb24]
J 306 C1 java.lang.ClassLoader.loadClass(Ljava/lang/String;)Ljava/lang/Class; (7 bytes) @ 0x0000000109863a04 [0x0000000109863900+0x104]
j  org.mortbay.util.Loader.loadClass(Ljava/lang/Class;Ljava/lang/String;Z)Ljava/lang/Class;+26
j  org.mortbay.util.Loader.loadClass(Ljava/lang/Class;Ljava/lang/String;)Ljava/lang/Class;+3
j  org.mortbay.jetty.servlet.Holder.doStart()V+51
j  org.mortbay.jetty.servlet.FilterHolder.doStart()V+1
j  org.mortbay.component.AbstractLifeCycle.start()V+31
j  org.mortbay.jetty.servlet.ServletHandler.initialize()V+32
j  org.mortbay.jetty.servlet.Context.startContext()V+25
j  org.mortbay.jetty.webapp.WebAppContext.startContext()V+126
j  org.mortbay.jetty.handler.ContextHandler.doStart()V+141
j  org.mortbay.jetty.webapp.WebAppContext.doStart()V+220
j  org.mortbay.component.AbstractLifeCycle.start()V+31
j  org.mortbay.jetty.handler.HandlerWrapper.doStart()V+11
j  org.mortbay.component.AbstractLifeCycle.start()V+31
j  com.google.appengine.tools.development.JettyContainerService.reloadWebApp()V+163
j  com.google.appengine.tools.development.JettyContainerService$2.filesChanged(Ljava/util/List;)V+12
j  org.mortbay.util.Scanner.reportBulkChanges(Ljava/util/List;)V+38
j  org.mortbay.util.Scanner.reportDifferences(Ljava/util/Map;Ljava/util/Map;)V+345
j  org.mortbay.util.Scanner.scan()V+13
j  org.mortbay.util.Scanner$1.run()V+4
j  java.util.TimerThread.mainLoop()V+221
j  java.util.TimerThread.run()V+1
v  ~StubRoutines::call_stub
V  [libjvm.dylib+0x2ecf06]  JavaCalls::call_helper(JavaValue*, methodHandle*, JavaCallArguments*, Thread*)+0x6ae
V  [libjvm.dylib+0x2ed694]  JavaCalls::call_virtual(JavaValue*, KlassHandle, Symbol*, Symbol*, JavaCallArguments*, Thread*)+0x164
V  [libjvm.dylib+0x2ed840]  JavaCalls::call_virtual(JavaValue*, Handle, KlassHandle, Symbol*, Symbol*, Thread*)+0x4a
V  [libjvm.dylib+0x348029]  thread_entry(JavaThread*, Thread*)+0x7c
V  [libjvm.dylib+0x5695ab]  JavaThread::thread_main_inner()+0x9b
V  [libjvm.dylib+0x56ac98]  JavaThread::run()+0x1c2
V  [libjvm.dylib+0x48933a]  java_start(Thread*)+0xf6
C  [libsystem_pthread.dylib+0x393b]  _pthread_body+0xb4
C  [libsystem_pthread.dylib+0x3887]  _pthread_body+0x0
C  [libsystem_pthread.dylib+0x308d]  thread_start+0xd
C  0x0000000000000000

Java frames: (J=compiled Java code, j=interpreted, Vv=VM code)
J 362  java.util.zip.ZipFile.getEntry(J[BZ)J (0 bytes) @ 0x0000000109883158 [0x0000000109883100+0x58]
J 1774 C2 sun.misc.URLClassPath$JarLoader.getResource(Ljava/lang/String;Z)Lsun/misc/Resource; (85 bytes) @ 0x0000000109a1a2a0 [0x0000000109a19dc0+0x4e0]
J 1775 C2 sun.misc.URLClassPath.getResource(Ljava/lang/String;Z)Lsun/misc/Resource; (83 bytes) @ 0x00000001098b197c [0x00000001098b1860+0x11c]
J 1087 C1 java.net.URLClassLoader$1.run()Ljava/lang/Class; (63 bytes) @ 0x0000000109a72efc [0x0000000109a72ce0+0x21c]
J 1086 C1 java.net.URLClassLoader$1.run()Ljava/lang/Object; (5 bytes) @ 0x0000000109a7294c [0x0000000109a728c0+0x8c]
v  ~StubRoutines::call_stub
J 1085  java.security.AccessController.doPrivileged(Ljava/security/PrivilegedExceptionAction;Ljava/security/AccessControlContext;)Ljava/lang/Object; (0 bytes) @ 0x0000000109a725a3 [0x0000000109a72540+0x63]
J 982 C1 java.net.URLClassLoader.findClass(Ljava/lang/String;)Ljava/lang/Class; (47 bytes) @ 0x0000000109a38ed4 [0x0000000109a38d40+0x194]
J 145 C1 java.lang.ClassLoader.loadClass(Ljava/lang/String;Z)Ljava/lang/Class; (122 bytes) @ 0x000000010980ee44 [0x000000010980e4e0+0x964]
J 1555 C1 com.google.appengine.tools.development.IsolatedAppClassLoader.loadClass(Ljava/lang/String;Z)Ljava/lang/Class; (99 bytes) @ 0x0000000109c18fe4 [0x0000000109c184c0+0xb24]
J 306 C1 java.lang.ClassLoader.loadClass(Ljava/lang/String;)Ljava/lang/Class; (7 bytes) @ 0x0000000109863a04 [0x0000000109863900+0x104]
j  org.mortbay.util.Loader.loadClass(Ljava/lang/Class;Ljava/lang/String;Z)Ljava/lang/Class;+26
j  org.mortbay.util.Loader.loadClass(Ljava/lang/Class;Ljava/lang/String;)Ljava/lang/Class;+3
j  org.mortbay.jetty.servlet.Holder.doStart()V+51
j  org.mortbay.jetty.servlet.FilterHolder.doStart()V+1
j  org.mortbay.component.AbstractLifeCycle.start()V+31
j  org.mortbay.jetty.servlet.ServletHandler.initialize()V+32
j  org.mortbay.jetty.servlet.Context.startContext()V+25
j  org.mortbay.jetty.webapp.WebAppContext.startContext()V+126
j  org.mortbay.jetty.handler.ContextHandler.doStart()V+141
j  org.mortbay.jetty.webapp.WebAppContext.doStart()V+220
j  org.mortbay.component.AbstractLifeCycle.start()V+31
j  org.mortbay.jetty.handler.HandlerWrapper.doStart()V+11
j  org.mortbay.component.AbstractLifeCycle.start()V+31
j  com.google.appengine.tools.development.JettyContainerService.reloadWebApp()V+163
j  com.google.appengine.tools.development.JettyContainerService$2.filesChanged(Ljava/util/List;)V+12
j  org.mortbay.util.Scanner.reportBulkChanges(Ljava/util/List;)V+38
j  org.mortbay.util.Scanner.reportDifferences(Ljava/util/Map;Ljava/util/Map;)V+345
j  org.mortbay.util.Scanner.scan()V+13
j  org.mortbay.util.Scanner$1.run()V+4
j  java.util.TimerThread.mainLoop()V+221
j  java.util.TimerThread.run()V+1
v  ~StubRoutines::call_stub

---------------  P R O C E S S  ---------------

Java Threads: ( => current thread )
  0x00007fb93ec14000 JavaThread "1746072750@qtp-1961176822-2" [_thread_blocked, id=32003, stack(0x000070000df70000,0x000070000e070000)]
  0x00007fb93e0ca800 JavaThread "pool-2-thread-1" daemon [_thread_blocked, id=4111, stack(0x000070000db64000,0x000070000dc64000)]
=>0x00007fb93e304000 JavaThread "Timer-1" daemon [_thread_in_native, id=31491, stack(0x000070000de6d000,0x000070000df6d000)]
  0x00007fb93da3a000 JavaThread "945288723@qtp-1961176822-1 - Acceptor0 SelectChannelConnector@127.0.0.1:8080" [_thread_in_native, id=30987, stack(0x000070000dd6a000,0x000070000de6a000)]
  0x00007fb93f0e0000 JavaThread "Timer-0" daemon [_thread_blocked, id=30471, stack(0x000070000da61000,0x000070000db61000)]
  0x00007fb93e028000 JavaThread "Service Thread" daemon [_thread_blocked, id=17667, stack(0x000070000d85b000,0x000070000d95b000)]
  0x00007fb93e073000 JavaThread "C1 CompilerThread2" daemon [_thread_blocked, id=17155, stack(0x000070000d758000,0x000070000d858000)]
  0x00007fb93e072000 JavaThread "C2 CompilerThread1" daemon [_thread_in_native, id=16643, stack(0x000070000d655000,0x000070000d755000)]
  0x00007fb93e071800 JavaThread "C2 CompilerThread0" daemon [_thread_in_native, id=16131, stack(0x000070000d552000,0x000070000d652000)]
  0x00007fb93d801800 JavaThread "Signal Dispatcher" daemon [_thread_blocked, id=15623, stack(0x000070000d44f000,0x000070000d54f000)]
  0x00007fb93e861000 JavaThread "Finalizer" daemon [_thread_blocked, id=11779, stack(0x000070000d2c9000,0x000070000d3c9000)]
  0x00007fb93e85e800 JavaThread "Reference Handler" daemon [_thread_blocked, id=11267, stack(0x000070000d1c6000,0x000070000d2c6000)]
  0x00007fb93d802800 JavaThread "main" [_thread_blocked, id=775, stack(0x00007fff5f3bd000,0x00007fff5fbbd000)]

Other Threads:
  0x00007fb93e85a000 VMThread [stack: 0x000070000d0c3000,0x000070000d1c3000] [id=10755]
  0x00007fb93e0a6000 WatcherThread [stack: 0x000070000d95e000,0x000070000da5e000] [id=18179]

VM state:not at safepoint (normal execution)

VM Mutex/Monitor currently owned by a thread: None

Heap:
 PSYoungGen      total 69120K, used 16920K [0x0000000795580000, 0x000000079a400000, 0x00000007c0000000)
  eden space 60928K, 21% used [0x0000000795580000,0x000000079628bb88,0x0000000799100000)
  from space 8192K, 43% used [0x0000000799c00000,0x0000000799f7a5c0,0x000000079a400000)
  to   space 9728K, 0% used [0x0000000799100000,0x0000000799100000,0x0000000799a80000)
 ParOldGen       total 47616K, used 6029K [0x0000000740000000, 0x0000000742e80000, 0x0000000795580000)
  object space 47616K, 12% used [0x0000000740000000,0x00000007405e3608,0x0000000742e80000)
 Metaspace       used 26644K, capacity 26932K, committed 27264K, reserved 1073152K
  class space    used 3307K, capacity 3400K, committed 3456K, reserved 1048576K

Card table byte_map: [0x000000010255d000,0x000000010295e000] byte_map_base: 0x00000000feb5d000

Marking Bits: (ParMarkBitMap*) 0x0000000101aedd20
 Begin Bits: [0x0000000102c09000, 0x0000000104c09000)
 End Bits:   [0x0000000104c09000, 0x0000000106c09000)

Polling page: 0x000000010006c000

CodeCache: size=245760Kb used=6633Kb max_used=6645Kb free=239126Kb
 bounds [0x00000001096c5000, 0x0000000109d55000, 0x00000001186c5000]
 total_blobs=2455 nmethods=2015 adapters=353
 compilation: enabled

Compilation events (10 events):
Event: 72.171 Thread 0x00007fb93e073000 2275       1       com.sun.org.apache.xerces.internal.impl.XMLEntityManager::getEntityStore (5 bytes)
Event: 72.172 Thread 0x00007fb93e073000 nmethod 2275 0x0000000109892290 code [0x00000001098923e0, 0x00000001098924f0]
Event: 72.172 Thread 0x00007fb93e073000 2274       1       java.net.URLConnection::getUseCaches (5 bytes)
Event: 72.172 Thread 0x00007fb93e073000 nmethod 2274 0x0000000109c25c50 code [0x0000000109c25da0, 0x0000000109c25eb0]
Event: 72.172 Thread 0x00007fb93e073000 2271       1       java.nio.Buffer::capacity (5 bytes)
Event: 72.172 Thread 0x00007fb93e073000 nmethod 2271 0x00000001098e66d0 code [0x00000001098e6820, 0x00000001098e6930]
Event: 72.174 Thread 0x00007fb93e073000 2291       1       org.mortbay.jetty.servlet.FilterMapping::getServletNames (5 bytes)
Event: 72.174 Thread 0x00007fb93e073000 nmethod 2291 0x00000001098e6410 code [0x00000001098e6560, 0x00000001098e6670]
Event: 72.177 Thread 0x00007fb93e071800 nmethod 2253% 0x0000000109d4bb90 code [0x0000000109d4bf60, 0x0000000109d4d770]
Event: 72.178 Thread 0x00007fb93e071800 2233       4       com.sun.org.apache.xerces.internal.impl.XMLEntityScanner::scanContent (690 bytes)

GC Heap History (10 events):
Event: 17.963 GC heap before
{Heap before GC invocations=3 (full 0):
 PSYoungGen      total 38400K, used 38372K [0x0000000795580000, 0x000000079a080000, 0x00000007c0000000)
  eden space 33280K, 100% used [0x0000000795580000,0x0000000797600000,0x0000000797600000)
  from space 5120K, 99% used [0x0000000797b00000,0x0000000797ff9028,0x0000000798000000)
  to   space 5120K, 0% used [0x0000000797600000,0x0000000797600000,0x0000000797b00000)
 ParOldGen       total 87552K, used 3513K [0x0000000740000000, 0x0000000745580000, 0x0000000795580000)
  object space 87552K, 4% used [0x0000000740000000,0x000000074036e630,0x0000000745580000)
 Metaspace       used 19737K, capacity 20074K, committed 20224K, reserved 1067008K
  class space    used 2342K, capacity 2466K, committed 2560K, reserved 1048576K
Event: 17.975 GC heap after
Heap after GC invocations=3 (full 0):
 PSYoungGen      total 38400K, used 5100K [0x0000000795580000, 0x0000000798000000, 0x00000007c0000000)
  eden space 33280K, 0% used [0x0000000795580000,0x0000000795580000,0x0000000797600000)
  from space 5120K, 99% used [0x0000000797600000,0x0000000797afb068,0x0000000797b00000)
  to   space 5120K, 0% used [0x0000000797b00000,0x0000000797b00000,0x0000000798000000)
 ParOldGen       total 87552K, used 6814K [0x0000000740000000, 0x0000000745580000, 0x0000000795580000)
  object space 87552K, 7% used [0x0000000740000000,0x00000007406a7958,0x0000000745580000)
 Metaspace       used 19737K, capacity 20074K, committed 20224K, reserved 1067008K
  class space    used 2342K, capacity 2466K, committed 2560K, reserved 1048576K
}
Event: 18.109 GC heap before
{Heap before GC invocations=4 (full 0):
 PSYoungGen      total 38400K, used 12320K [0x0000000795580000, 0x0000000798000000, 0x00000007c0000000)
  eden space 33280K, 21% used [0x0000000795580000,0x0000000795c8d1f8,0x0000000797600000)
  from space 5120K, 99% used [0x0000000797600000,0x0000000797afb068,0x0000000797b00000)
  to   space 5120K, 0% used [0x0000000797b00000,0x0000000797b00000,0x0000000798000000)
 ParOldGen       total 87552K, used 6814K [0x0000000740000000, 0x0000000745580000, 0x0000000795580000)
  object space 87552K, 7% used [0x0000000740000000,0x00000007406a7958,0x0000000745580000)
 Metaspace       used 20769K, capacity 21040K, committed 21296K, reserved 1069056K
  class space    used 2468K, capacity 2595K, committed 2688K, reserved 1048576K
Event: 18.117 GC heap after
Heap after GC invocations=4 (full 0):
 PSYoungGen      total 38400K, used 5101K [0x0000000795580000, 0x000000079a080000, 0x00000007c0000000)
  eden space 33280K, 0% used [0x0000000795580000,0x0000000795580000,0x0000000797600000)
  from space 5120K, 99% used [0x0000000797b00000,0x0000000797ffb610,0x0000000798000000)
  to   space 5120K, 0% used [0x0000000797600000,0x0000000797600000,0x0000000797b00000)
 ParOldGen       total 87552K, used 7731K [0x0000000740000000, 0x0000000745580000, 0x0000000795580000)
  object space 87552K, 8% used [0x0000000740000000,0x000000074078ccd0,0x0000000745580000)
 Metaspace       used 20769K, capacity 21040K, committed 21296K, reserved 1069056K
  class space    used 2468K, capacity 2595K, committed 2688K, reserved 1048576K
}
Event: 18.117 GC heap before
{Heap before GC invocations=5 (full 1):
 PSYoungGen      total 38400K, used 5101K [0x0000000795580000, 0x000000079a080000, 0x00000007c0000000)
  eden space 33280K, 0% used [0x0000000795580000,0x0000000795580000,0x0000000797600000)
  from space 5120K, 99% used [0x0000000797b00000,0x0000000797ffb610,0x0000000798000000)
  to   space 5120K, 0% used [0x0000000797600000,0x0000000797600000,0x0000000797b00000)
 ParOldGen       total 87552K, used 7731K [0x0000000740000000, 0x0000000745580000, 0x0000000795580000)
  object space 87552K, 8% used [0x0000000740000000,0x000000074078ccd0,0x0000000745580000)
 Metaspace       used 20769K, capacity 21040K, committed 21296K, reserved 1069056K
  class space    used 2468K, capacity 2595K, committed 2688K, reserved 1048576K
Event: 18.164 GC heap after
Heap after GC invocations=5 (full 1):
 PSYoungGen      total 38400K, used 0K [0x0000000795580000, 0x000000079a080000, 0x00000007c0000000)
  eden space 33280K, 0% used [0x0000000795580000,0x0000000795580000,0x0000000797600000)
  from space 5120K, 0% used [0x0000000797b00000,0x0000000797b00000,0x0000000798000000)
  to   space 5120K, 0% used [0x0000000797600000,0x0000000797600000,0x0000000797b00000)
 ParOldGen       total 47616K, used 6021K [0x0000000740000000, 0x0000000742e80000, 0x0000000795580000)
  object space 47616K, 12% used [0x0000000740000000,0x00000007405e1608,0x0000000742e80000)
 Metaspace       used 20765K, capacity 21034K, committed 21296K, reserved 1069056K
  class space    used 2467K, capacity 2593K, committed 2688K, reserved 1048576K
}
Event: 18.905 GC heap before
{Heap before GC invocations=6 (full 1):
 PSYoungGen      total 38400K, used 33280K [0x0000000795580000, 0x000000079a080000, 0x00000007c0000000)
  eden space 33280K, 100% used [0x0000000795580000,0x0000000797600000,0x0000000797600000)
  from space 5120K, 0% used [0x0000000797b00000,0x0000000797b00000,0x0000000798000000)
  to   space 5120K, 0% used [0x0000000797600000,0x0000000797600000,0x0000000797b00000)
 ParOldGen       total 47616K, used 6021K [0x0000000740000000, 0x0000000742e80000, 0x0000000795580000)
  object space 47616K, 12% used [0x0000000740000000,0x00000007405e1608,0x0000000742e80000)
 Metaspace       used 24187K, capacity 24476K, committed 24704K, reserved 1071104K
  class space    used 2961K, capacity 3076K, committed 3200K, reserved 1048576K
Event: 18.909 GC heap after
Heap after GC invocations=6 (full 1):
 PSYoungGen      total 38400K, used 4650K [0x0000000795580000, 0x000000079a580000, 0x00000007c0000000)
  eden space 33280K, 0% used [0x0000000795580000,0x0000000795580000,0x0000000797600000)
  from space 5120K, 90% used [0x0000000797600000,0x0000000797a8aa98,0x0000000797b00000)
  to   space 9728K, 0% used [0x0000000799c00000,0x0000000799c00000,0x000000079a580000)
 ParOldGen       total 47616K, used 6021K [0x0000000740000000, 0x0000000742e80000, 0x0000000795580000)
  object space 47616K, 12% used [0x0000000740000000,0x00000007405e1608,0x0000000742e80000)
 Metaspace       used 24187K, capacity 24476K, committed 24704K, reserved 1071104K
  class space    used 2961K, capacity 3076K, committed 3200K, reserved 1048576K
}
Event: 72.025 GC heap before
{Heap before GC invocations=7 (full 1):
 PSYoungGen      total 38400K, used 37930K [0x0000000795580000, 0x000000079a580000, 0x00000007c0000000)
  eden space 33280K, 100% used [0x0000000795580000,0x0000000797600000,0x0000000797600000)
  from space 5120K, 90% used [0x0000000797600000,0x0000000797a8aa98,0x0000000797b00000)
  to   space 9728K, 0% used [0x0000000799c00000,0x0000000799c00000,0x000000079a580000)
 ParOldGen       total 47616K, used 6021K [0x0000000740000000, 0x0000000742e80000, 0x0000000795580000)
  object space 47616K, 12% used [0x0000000740000000,0x00000007405e1608,0x0000000742e80000)
 Metaspace       used 26599K, capacity 26932K, committed 27264K, reserved 1073152K
  class space    used 3307K, capacity 3400K, committed 3456K, reserved 1048576K
Event: 72.041 GC heap after
Heap after GC invocations=7 (full 1):
 PSYoungGen      total 69120K, used 3561K [0x0000000795580000, 0x000000079a400000, 0x00000007c0000000)
  eden space 60928K, 0% used [0x0000000795580000,0x0000000795580000,0x0000000799100000)
  from space 8192K, 43% used [0x0000000799c00000,0x0000000799f7a5c0,0x000000079a400000)
  to   space 9728K, 0% used [0x0000000799100000,0x0000000799100000,0x0000000799a80000)
 ParOldGen       total 47616K, used 6029K [0x0000000740000000, 0x0000000742e80000, 0x0000000795580000)
  object space 47616K, 12% used [0x0000000740000000,0x00000007405e3608,0x0000000742e80000)
 Metaspace       used 26599K, capacity 26932K, committed 27264K, reserved 1073152K
  class space    used 3307K, capacity 3400K, committed 3456K, reserved 1048576K
}

Deoptimization events (10 events):
Event: 19.278 Thread 0x00007fb93ec14000 Uncommon trap: reason=bimorphic action=maybe_recompile pc=0x0000000109c349a4 method=java.util.HashMap.putVal(ILjava/lang/Object;Ljava/lang/Object;ZZ)Ljava/lang/Object; @ 203
Event: 19.278 Thread 0x00007fb93ec14000 Uncommon trap: reason=bimorphic action=maybe_recompile pc=0x0000000109c349a4 method=java.util.HashMap.putVal(ILjava/lang/Object;Ljava/lang/Object;ZZ)Ljava/lang/Object; @ 203
Event: 19.318 Thread 0x00007fb93ec14000 Uncommon trap: reason=unstable_if action=reinterpret pc=0x0000000109c5b85c method=java.util.HashMap.putVal(ILjava/lang/Object;Ljava/lang/Object;ZZ)Ljava/lang/Object; @ 162
Event: 19.318 Thread 0x00007fb93ec14000 Uncommon trap: reason=unstable_if action=reinterpret pc=0x000000010998e004 method=java.util.HashMap.getNode(ILjava/lang/Object;)Ljava/util/HashMap$Node; @ 84
Event: 19.319 Thread 0x00007fb93ec14000 Uncommon trap: reason=unstable_if action=reinterpret pc=0x0000000109ba919c method=java.util.HashMap.resize()[Ljava/util/HashMap$Node; @ 206
Event: 19.388 Thread 0x00007fb93e17f800 Uncommon trap: reason=bimorphic action=maybe_recompile pc=0x00000001097edad8 method=java.util.regex.Pattern$CharProperty.match(Ljava/util/regex/Matcher;ILjava/lang/CharSequence;)Z @ 37
Event: 19.388 Thread 0x00007fb93e17f800 Uncommon trap: reason=bimorphic action=maybe_recompile pc=0x00000001097edad8 method=java.util.regex.Pattern$CharProperty.match(Ljava/util/regex/Matcher;ILjava/lang/CharSequence;)Z @ 37
Event: 51.977 Thread 0x00007fb93e304000 Uncommon trap: reason=unstable_if action=reinterpret pc=0x0000000109cfb234 method=java.io.ExpiringCache.entryFor(Ljava/lang/String;)Ljava/io/ExpiringCache$Entry; @ 39
Event: 51.977 Thread 0x00007fb93e304000 Uncommon trap: reason=unstable_if action=reinterpret pc=0x00000001098ad208 method=java.io.ExpiringCache.entryFor(Ljava/lang/String;)Ljava/io/ExpiringCache$Entry; @ 39
Event: 72.144 Thread 0x00007fb93e304000 Uncommon trap: reason=unstable_if action=reinterpret pc=0x0000000109c0c2c4 method=com.sun.org.apache.xerces.internal.impl.XMLDocumentFragmentScannerImpl$FragmentContentDriver.next()I @ 823

Internal exceptions (10 events):
Event: 6.274 Thread 0x00007fb93d802800 Implicit null exception at 0x00000001099841f5 to 0x0000000109984571
Event: 17.923 Thread 0x00007fb93e17f800 Implicit null exception at 0x0000000109993158 to 0x00000001099931e6
Event: 17.923 Thread 0x00007fb93e17f800 Implicit null exception at 0x00000001098c9caf to 0x00000001098c9d19
Event: 18.182 Thread 0x00007fb93e0ca800 Exception <a 'java/lang/NoClassDefFoundError': org/apache/log4j/Category> (0x0000000795648a98) thrown at [/HUDSON3/workspace/8-2-build-macosx-x86_64/jdk8u101/7261/hotspot/src/share/vm/classfile/systemDictionary.cpp, line 199]
Event: 18.423 Thread 0x00007fb93e17f800 Exception <a 'java/lang/ArrayIndexOutOfBoundsException': 18> (0x0000000795d80d78) thrown at [/HUDSON3/workspace/8-2-build-macosx-x86_64/jdk8u101/7261/hotspot/src/share/vm/interpreter/interpreterRuntime.cpp, line 366]
Event: 18.423 Thread 0x00007fb93e17f800 Exception <a 'java/lang/ArrayIndexOutOfBoundsException': 67> (0x0000000795d82cd0) thrown at [/HUDSON3/workspace/8-2-build-macosx-x86_64/jdk8u101/7261/hotspot/src/share/vm/interpreter/interpreterRuntime.cpp, line 366]
Event: 19.067 Thread 0x00007fb93ec14000 Implicit null exception at 0x00000001099d2275 to 0x00000001099d24a9
Event: 19.404 Thread 0x00007fb93e0ca800 Exception <a 'java/net/SocketTimeoutException': Read timed out> (0x0000000796d0dad0) thrown at [/HUDSON3/workspace/8-2-build-macosx-x86_64/jdk8u101/7261/hotspot/src/share/vm/prims/jni.cpp, line 735]
Event: 19.479 Thread 0x00007fb93e0ca800 Exception <a 'java/net/SocketTimeoutException': Read timed out> (0x0000000796d1daf0) thrown at [/HUDSON3/workspace/8-2-build-macosx-x86_64/jdk8u101/7261/hotspot/src/share/vm/prims/jni.cpp, line 735]
Event: 19.557 Thread 0x00007fb93e0ca800 Exception <a 'java/net/SocketTimeoutException': Read timed out> (0x00000007970ef428) thrown at [/HUDSON3/workspace/8-2-build-macosx-x86_64/jdk8u101/7261/hotspot/src/share/vm/prims/jni.cpp, line 735]

Events (10 events):
Event: 72.172 Thread 0x00007fb93e304000 DEOPT PACKING pc=0x0000000109ba2f5d sp=0x000070000df6bb10
Event: 72.172 Thread 0x00007fb93e304000 DEOPT UNPACKING pc=0x000000010970c633 sp=0x000070000df6b8d8 mode 0
Event: 72.173 Executing VM operation: RevokeBias
Event: 72.174 Executing VM operation: RevokeBias done
Event: 72.175 loading class com/google/appengine/tools/development/DevAppServerModulesFilter
Event: 72.175 loading class com/google/appengine/tools/development/DevAppServerModulesFilter done
Event: 72.176 loading class com/google/appengine/tools/development/StaticFileFilter
Event: 72.176 loading class com/google/appengine/tools/development/StaticFileFilter done
Event: 72.176 loading class com/google/apphosting/utils/servlet/TransactionCleanupFilter
Event: 72.176 loading class com/google/apphosting/utils/servlet/TransactionCleanupFilter done


Dynamic libraries:
0x000000001ab8d000 	/System/Library/Frameworks/Cocoa.framework/Versions/A/Cocoa
0x000000001ab8d000 	/System/Library/Frameworks/Security.framework/Versions/A/Security
0x000000001ab8d000 	/System/Library/Frameworks/ApplicationServices.framework/Versions/A/ApplicationServices
0x000000001ab8d000 	/usr/lib/libz.1.dylib
0x0000000100063000 	/usr/lib/libSystem.B.dylib
0x000000001ab8d000 	/usr/lib/libobjc.A.dylib
0x000000001ab8d000 	/System/Library/Frameworks/CoreFoundation.framework/Versions/A/CoreFoundation
0x000000001ab8d000 	/System/Library/Frameworks/Foundation.framework/Versions/C/Foundation
0x000000001ab8d000 	/System/Library/Frameworks/AppKit.framework/Versions/C/AppKit
0x000000001ab8d000 	/System/Library/Frameworks/CoreData.framework/Versions/A/CoreData
0x000000001ab8d000 	/System/Library/PrivateFrameworks/RemoteViewServices.framework/Versions/A/RemoteViewServices
0x000000001ab8d000 	/System/Library/PrivateFrameworks/UIFoundation.framework/Versions/A/UIFoundation
0x000000001ab8d000 	/System/Library/PrivateFrameworks/DFRFoundation.framework/Versions/A/DFRFoundation
0x000000001ab8d000 	/usr/lib/libenergytrace.dylib
0x000000001ab8d000 	/System/Library/PrivateFrameworks/SkyLight.framework/Versions/A/SkyLight
0x000000001ab8d000 	/System/Library/Frameworks/CoreGraphics.framework/Versions/A/CoreGraphics
0x000000001ab8d000 	/usr/lib/libScreenReader.dylib
0x000000001ab8d000 	/System/Library/Frameworks/Accelerate.framework/Versions/A/Accelerate
0x000000001ab8d000 	/System/Library/Frameworks/IOSurface.framework/Versions/A/IOSurface
0x000000001ab8d000 	/System/Library/Frameworks/AudioToolbox.framework/Versions/A/AudioToolbox
0x000000001ab8d000 	/System/Library/Frameworks/AudioUnit.framework/Versions/A/AudioUnit
0x000000001ab8d000 	/System/Library/PrivateFrameworks/DataDetectorsCore.framework/Versions/A/DataDetectorsCore
0x000000001ab8d000 	/System/Library/PrivateFrameworks/DesktopServicesPriv.framework/Versions/A/DesktopServicesPriv
0x000000001ab8d000 	/System/Library/Frameworks/Carbon.framework/Versions/A/Frameworks/HIToolbox.framework/Versions/A/HIToolbox
0x000000001ab8d000 	/usr/lib/libicucore.A.dylib
0x000000001ab8d000 	/System/Library/Frameworks/QuartzCore.framework/Versions/A/QuartzCore
0x000000001ab8d000 	/System/Library/Frameworks/Carbon.framework/Versions/A/Frameworks/SpeechRecognition.framework/Versions/A/SpeechRecognition
0x000000001ab8d000 	/usr/lib/libauto.dylib
0x000000001ab8d000 	/usr/lib/libxml2.2.dylib
0x000000001ab8d000 	/System/Library/PrivateFrameworks/CoreUI.framework/Versions/A/CoreUI
0x000000001ab8d000 	/System/Library/Frameworks/CoreAudio.framework/Versions/A/CoreAudio
0x000000001ab8d000 	/System/Library/Frameworks/DiskArbitration.framework/Versions/A/DiskArbitration
0x000000001ab8d000 	/usr/lib/liblangid.dylib
0x000000001ab8d000 	/System/Library/PrivateFrameworks/MultitouchSupport.framework/Versions/A/MultitouchSupport
0x0000000100071000 	/System/Library/Frameworks/IOKit.framework/Versions/A/IOKit
0x000000001ab8d000 	/usr/lib/libDiagnosticMessagesClient.dylib
0x000000001ab8d000 	/System/Library/Frameworks/CoreServices.framework/Versions/A/CoreServices
0x000000001ab8d000 	/System/Library/PrivateFrameworks/PerformanceAnalysis.framework/Versions/A/PerformanceAnalysis
0x000000001ab8d000 	/System/Library/PrivateFrameworks/GenerationalStorage.framework/Versions/A/GenerationalStorage
0x000000001ab8d000 	/System/Library/Frameworks/OpenGL.framework/Versions/A/OpenGL
0x000000001ab8d000 	/System/Library/Frameworks/CoreImage.framework/Versions/A/CoreImage
0x000000001ab8d000 	/System/Library/Frameworks/CoreText.framework/Versions/A/CoreText
0x000000001ab8d000 	/System/Library/Frameworks/ImageIO.framework/Versions/A/ImageIO
0x000000001ab8d000 	/System/Library/PrivateFrameworks/Backup.framework/Versions/A/Backup
0x000000001ab8d000 	/usr/lib/libarchive.2.dylib
0x0000000100150000 	/System/Library/Frameworks/CFNetwork.framework/Versions/A/CFNetwork
0x000000001ab8d000 	/System/Library/Frameworks/SystemConfiguration.framework/Versions/A/SystemConfiguration
0x000000001ab8d000 	/usr/lib/libCRFSuite.dylib
0x000000001ab8d000 	/usr/lib/libc++.1.dylib
0x000000001ab8d000 	/usr/lib/libc++abi.dylib
0x000000001ab8d000 	/usr/lib/system/libcache.dylib
0x000000001ab8d000 	/usr/lib/system/libcommonCrypto.dylib
0x000000001ab8d000 	/usr/lib/system/libcompiler_rt.dylib
0x000000001ab8d000 	/usr/lib/system/libcopyfile.dylib
0x000000001ab8d000 	/usr/lib/system/libcorecrypto.dylib
0x000000001ab8d000 	/usr/lib/system/libdispatch.dylib
0x000000010084f000 	/usr/lib/system/libdyld.dylib
0x000000001ab8d000 	/usr/lib/system/libkeymgr.dylib
0x000000001ab8d000 	/usr/lib/system/liblaunch.dylib
0x000000001ab8d000 	/usr/lib/system/libmacho.dylib
0x000000001ab8d000 	/usr/lib/system/libquarantine.dylib
0x000000001ab8d000 	/usr/lib/system/libremovefile.dylib
0x000000001ab8d000 	/usr/lib/system/libsystem_asl.dylib
0x000000001ab8d000 	/usr/lib/system/libsystem_blocks.dylib
0x000000001ab8d000 	/usr/lib/system/libsystem_c.dylib
0x000000001ab8d000 	/usr/lib/system/libsystem_configuration.dylib
0x000000001ab8d000 	/usr/lib/system/libsystem_coreservices.dylib
0x000000001ab8d000 	/usr/lib/system/libsystem_coretls.dylib
0x000000001ab8d000 	/usr/lib/system/libsystem_dnssd.dylib
0x000000001ab8d000 	/usr/lib/system/libsystem_info.dylib
0x0000000100863000 	/usr/lib/system/libsystem_kernel.dylib
0x000000001ab8d000 	/usr/lib/system/libsystem_m.dylib
0x000000001ab8d000 	/usr/lib/system/libsystem_malloc.dylib
0x000000001ab8d000 	/usr/lib/system/libsystem_network.dylib
0x000000001ab8d000 	/usr/lib/system/libsystem_networkextension.dylib
0x000000001ab8d000 	/usr/lib/system/libsystem_notify.dylib
0x000000001ab8d000 	/usr/lib/system/libsystem_platform.dylib
0x000000001ab8d000 	/usr/lib/system/libsystem_pthread.dylib
0x00000001008a4000 	/usr/lib/system/libsystem_sandbox.dylib
0x000000001ab8d000 	/usr/lib/system/libsystem_secinit.dylib
0x000000001ab8d000 	/usr/lib/system/libsystem_symptoms.dylib
0x000000001ab8d000 	/usr/lib/system/libsystem_trace.dylib
0x000000001ab8d000 	/usr/lib/system/libunwind.dylib
0x000000001ab8d000 	/usr/lib/system/libxpc.dylib
0x000000001ab8d000 	/usr/lib/libbsm.0.dylib
0x00000001008b4000 	/usr/lib/system/libkxld.dylib
0x000000001ab8d000 	/usr/lib/libcoretls.dylib
0x000000001ab8d000 	/usr/lib/libcoretls_cfhelpers.dylib
0x000000001ab8d000 	/usr/lib/libOpenScriptingUtil.dylib
0x000000001ab8d000 	/usr/lib/libpam.2.dylib
0x000000001ab8d000 	/usr/lib/libsqlite3.dylib
0x000000001ab8d000 	/usr/lib/libxar.1.dylib
0x000000001ab8d000 	/usr/lib/libbz2.1.0.dylib
0x000000001ab8d000 	/usr/lib/liblzma.5.dylib
0x000000001ab8d000 	/usr/lib/libnetwork.dylib
0x000000001ab8d000 	/usr/lib/libpcap.A.dylib
0x000000001ab8d000 	/System/Library/Frameworks/CoreServices.framework/Versions/A/Frameworks/FSEvents.framework/Versions/A/FSEvents
0x000000001ab8d000 	/System/Library/Frameworks/CoreServices.framework/Versions/A/Frameworks/CarbonCore.framework/Versions/A/CarbonCore
0x000000001ab8d000 	/System/Library/Frameworks/CoreServices.framework/Versions/A/Frameworks/Metadata.framework/Versions/A/Metadata
0x000000001ab8d000 	/System/Library/Frameworks/CoreServices.framework/Versions/A/Frameworks/OSServices.framework/Versions/A/OSServices
0x000000001ab8d000 	/System/Library/Frameworks/CoreServices.framework/Versions/A/Frameworks/SearchKit.framework/Versions/A/SearchKit
0x000000001ab8d000 	/System/Library/Frameworks/CoreServices.framework/Versions/A/Frameworks/AE.framework/Versions/A/AE
0x000000001ab8d000 	/System/Library/Frameworks/CoreServices.framework/Versions/A/Frameworks/LaunchServices.framework/Versions/A/LaunchServices
0x000000001ab8d000 	/System/Library/Frameworks/CoreServices.framework/Versions/A/Frameworks/DictionaryServices.framework/Versions/A/DictionaryServices
0x000000001ab8d000 	/System/Library/Frameworks/CoreServices.framework/Versions/A/Frameworks/SharedFileList.framework/Versions/A/SharedFileList
0x000000001ab8d000 	/System/Library/Frameworks/NetFS.framework/Versions/A/NetFS
0x000000001ab8d000 	/System/Library/PrivateFrameworks/NetAuth.framework/Versions/A/NetAuth
0x000000001ab8d000 	/System/Library/PrivateFrameworks/login.framework/Versions/A/Frameworks/loginsupport.framework/Versions/A/loginsupport
0x000000001ab8d000 	/System/Library/PrivateFrameworks/TCC.framework/Versions/A/TCC
0x000000001ab8d000 	/usr/lib/libmecabra.dylib
0x000000001ab8d000 	/System/Library/Frameworks/ApplicationServices.framework/Versions/A/Frameworks/ATS.framework/Versions/A/ATS
0x000000001ab8d000 	/System/Library/Frameworks/ApplicationServices.framework/Versions/A/Frameworks/ColorSync.framework/Versions/A/ColorSync
0x000000001ab8d000 	/System/Library/Frameworks/ApplicationServices.framework/Versions/A/Frameworks/HIServices.framework/Versions/A/HIServices
0x000000001ab8d000 	/System/Library/Frameworks/ApplicationServices.framework/Versions/A/Frameworks/LangAnalysis.framework/Versions/A/LangAnalysis
0x000000001ab8d000 	/System/Library/Frameworks/ApplicationServices.framework/Versions/A/Frameworks/PrintCore.framework/Versions/A/PrintCore
0x000000001ab8d000 	/System/Library/Frameworks/ApplicationServices.framework/Versions/A/Frameworks/QD.framework/Versions/A/QD
0x000000001ab8d000 	/System/Library/Frameworks/ApplicationServices.framework/Versions/A/Frameworks/SpeechSynthesis.framework/Versions/A/SpeechSynthesis
0x000000001ab8d000 	/System/Library/Frameworks/Accelerate.framework/Versions/A/Frameworks/vImage.framework/Versions/A/vImage
0x000000001ab8d000 	/System/Library/Frameworks/Accelerate.framework/Versions/A/Frameworks/vecLib.framework/Versions/A/vecLib
0x000000001ab8d000 	/System/Library/Frameworks/Accelerate.framework/Versions/A/Frameworks/vecLib.framework/Versions/A/libvDSP.dylib
0x000000001ab8d000 	/System/Library/Frameworks/Accelerate.framework/Versions/A/Frameworks/vecLib.framework/Versions/A/libBNNS.dylib
0x000000001ab8d000 	/System/Library/Frameworks/Accelerate.framework/Versions/A/Frameworks/vecLib.framework/Versions/A/libQuadrature.dylib
0x000000001ab8d000 	/System/Library/Frameworks/Accelerate.framework/Versions/A/Frameworks/vecLib.framework/Versions/A/libvMisc.dylib
0x000000001ab8d000 	/System/Library/Frameworks/Accelerate.framework/Versions/A/Frameworks/vecLib.framework/Versions/A/libLAPACK.dylib
0x000000001ab8d000 	/System/Library/Frameworks/Accelerate.framework/Versions/A/Frameworks/vecLib.framework/Versions/A/libBLAS.dylib
0x000000001ab8d000 	/System/Library/Frameworks/Accelerate.framework/Versions/A/Frameworks/vecLib.framework/Versions/A/libLinearAlgebra.dylib
0x000000001ab8d000 	/System/Library/Frameworks/Accelerate.framework/Versions/A/Frameworks/vecLib.framework/Versions/A/libSparseBLAS.dylib
0x000000001ab8d000 	/System/Library/Frameworks/ApplicationServices.framework/Versions/A/Frameworks/ATS.framework/Versions/A/Resources/libFontParser.dylib
0x000000001ab8d000 	/System/Library/Frameworks/ApplicationServices.framework/Versions/A/Frameworks/ATS.framework/Versions/A/Resources/libFontRegistry.dylib
0x000000001ab8d000 	/System/Library/Frameworks/ImageIO.framework/Versions/A/Resources/libJPEG.dylib
0x000000001ab8d000 	/System/Library/Frameworks/ImageIO.framework/Versions/A/Resources/libTIFF.dylib
0x000000001ab8d000 	/System/Library/Frameworks/ImageIO.framework/Versions/A/Resources/libPng.dylib
0x000000001ab8d000 	/System/Library/Frameworks/ImageIO.framework/Versions/A/Resources/libGIF.dylib
0x000000001ab8d000 	/System/Library/Frameworks/ImageIO.framework/Versions/A/Resources/libJP2.dylib
0x000000001ab8d000 	/System/Library/Frameworks/ImageIO.framework/Versions/A/Resources/libRadiance.dylib
0x000000001ab8d000 	/usr/lib/libcompression.dylib
0x000000001ab8d000 	/System/Library/PrivateFrameworks/AppleJPEG.framework/Versions/A/AppleJPEG
0x000000001ab8d000 	/usr/lib/libcups.2.dylib
0x000000001ab8d000 	/System/Library/Frameworks/Kerberos.framework/Versions/A/Kerberos
0x000000001ab8d000 	/System/Library/Frameworks/GSS.framework/Versions/A/GSS
0x000000001ab8d000 	/usr/lib/libresolv.9.dylib
0x000000001ab8d000 	/usr/lib/libiconv.2.dylib
0x000000001ab8d000 	/System/Library/PrivateFrameworks/Heimdal.framework/Versions/A/Heimdal
0x000000001ab8d000 	/usr/lib/libheimdal-asn1.dylib
0x000000001ab8d000 	/System/Library/Frameworks/OpenDirectory.framework/Versions/A/OpenDirectory
0x000000001ab8d000 	/System/Library/PrivateFrameworks/CommonAuth.framework/Versions/A/CommonAuth
0x000000001ab8d000 	/System/Library/Frameworks/OpenDirectory.framework/Versions/A/Frameworks/CFOpenDirectory.framework/Versions/A/CFOpenDirectory
0x000000001ab8d000 	/System/Library/Frameworks/SecurityFoundation.framework/Versions/A/SecurityFoundation
0x000000001ab8d000 	/System/Library/PrivateFrameworks/LanguageModeling.framework/Versions/A/LanguageModeling
0x000000001ab8d000 	/usr/lib/libmarisa.dylib
0x000000001ab8d000 	/usr/lib/libChineseTokenizer.dylib
0x000000001ab8d000 	/usr/lib/libcmph.dylib
0x000000001ab8d000 	/System/Library/PrivateFrameworks/CoreEmoji.framework/Versions/A/CoreEmoji
0x000000001ab8d000 	/System/Library/Frameworks/ServiceManagement.framework/Versions/A/ServiceManagement
0x000000001ab8d000 	/usr/lib/libxslt.1.dylib
0x000000001ab8d000 	/System/Library/Frameworks/Carbon.framework/Versions/A/Frameworks/Ink.framework/Versions/A/Ink
0x000000001ab8d000 	/System/Library/PrivateFrameworks/TextureIO.framework/Versions/A/TextureIO
0x000000001ab8d000 	/System/Library/Frameworks/Metal.framework/Versions/A/Metal
0x000000001ab8d000 	/usr/lib/libate.dylib
0x000000001ab8d000 	/System/Library/PrivateFrameworks/GPUCompiler.framework/libmetal_timestamp.dylib
0x000000001ab8d000 	/System/Library/Frameworks/OpenGL.framework/Versions/A/Libraries/libCoreFSCache.dylib
0x000000001ab8d000 	/System/Library/PrivateFrameworks/IOAccelerator.framework/Versions/A/IOAccelerator
0x000000001ab8d000 	/System/Library/Frameworks/CoreVideo.framework/Versions/A/CoreVideo
0x000000001ab8d000 	/usr/lib/libFosl_dynamic.dylib
0x000000001ab8d000 	/System/Library/PrivateFrameworks/MetalPerformanceShaders.framework/Versions/A/MetalPerformanceShaders
0x000000001ab8d000 	/System/Library/PrivateFrameworks/FaceCore.framework/Versions/A/FaceCore
0x000000001ab8d000 	/System/Library/Frameworks/OpenCL.framework/Versions/A/OpenCL
0x000000001ab8d000 	/System/Library/Frameworks/OpenGL.framework/Versions/A/Libraries/libGLU.dylib
0x000000001ab8d000 	/System/Library/Frameworks/OpenGL.framework/Versions/A/Libraries/libGFXShared.dylib
0x000000001ab8d000 	/System/Library/Frameworks/OpenGL.framework/Versions/A/Libraries/libGL.dylib
0x000000001ab8d000 	/System/Library/Frameworks/OpenGL.framework/Versions/A/Libraries/libGLImage.dylib
0x000000001ab8d000 	/System/Library/Frameworks/OpenGL.framework/Versions/A/Libraries/libCVMSPluginSupport.dylib
0x000000001ab8d000 	/System/Library/Frameworks/OpenGL.framework/Versions/A/Libraries/libCoreVMClient.dylib
0x000000001ab8d000 	/System/Library/PrivateFrameworks/CrashReporterSupport.framework/Versions/A/CrashReporterSupport
0x000000001ab8d000 	/System/Library/PrivateFrameworks/Sharing.framework/Versions/A/Sharing
0x000000001ab8d000 	/System/Library/PrivateFrameworks/IconServices.framework/Versions/A/IconServices
0x000000001ab8d000 	/System/Library/PrivateFrameworks/ProtocolBuffer.framework/Versions/A/ProtocolBuffer
0x000000001ab8d000 	/System/Library/PrivateFrameworks/Apple80211.framework/Versions/A/Apple80211
0x000000001ab8d000 	/System/Library/Frameworks/CoreWLAN.framework/Versions/A/CoreWLAN
0x000000001ab8d000 	/System/Library/PrivateFrameworks/CoreUtils.framework/Versions/A/CoreUtils
0x000000001ab8d000 	/System/Library/Frameworks/IOBluetooth.framework/Versions/A/IOBluetooth
0x000000001ab8d000 	/System/Library/PrivateFrameworks/CoreWiFi.framework/Versions/A/CoreWiFi
0x000000001ab8d000 	/System/Library/Frameworks/CoreBluetooth.framework/Versions/A/CoreBluetooth
0x000000001ab8d000 	/System/Library/Frameworks/CoreDisplay.framework/Versions/A/CoreDisplay
0x000000001ab8d000 	/System/Library/PrivateFrameworks/IOPresentment.framework/Versions/A/IOPresentment
0x000000001ab8d000 	/System/Library/PrivateFrameworks/DSExternalDisplay.framework/Versions/A/DSExternalDisplay
0x000000001ab8d000 	/System/Library/PrivateFrameworks/DebugSymbols.framework/Versions/A/DebugSymbols
0x000000001ab8d000 	/System/Library/PrivateFrameworks/CoreSymbolication.framework/Versions/A/CoreSymbolication
0x000000001ab8d000 	/System/Library/PrivateFrameworks/Symbolication.framework/Versions/A/Symbolication
0x000000001ab8d000 	/System/Library/PrivateFrameworks/AppleFSCompression.framework/Versions/A/AppleFSCompression
0x000000001ab8d000 	/System/Library/PrivateFrameworks/SpeechRecognitionCore.framework/Versions/A/SpeechRecognitionCore
0x000000001ab8d000 	/System/Library/PrivateFrameworks/ChunkingLibrary.framework/Versions/A/ChunkingLibrary
0x0000000101200000 	/Library/Java/JavaVirtualMachines/jdk1.8.0_101.jdk/Contents/Home/jre/lib/server/libjvm.dylib
0x000000001ab8d000 	/usr/lib/libstdc++.6.dylib
0x0000000100922000 	/Library/Java/JavaVirtualMachines/jdk1.8.0_101.jdk/Contents/Home/jre/lib/libverify.dylib
0x0000000100930000 	/Library/Java/JavaVirtualMachines/jdk1.8.0_101.jdk/Contents/Home/jre/lib/libjava.dylib
0x0000000100965000 	/Library/Java/JavaVirtualMachines/jdk1.8.0_101.jdk/Contents/Home/jre/lib/libinstrument.dylib
0x00000001009c1000 	/Library/Java/JavaVirtualMachines/jdk1.8.0_101.jdk/Contents/Home/jre/lib/libzip.dylib
0x0000000108ab0000 	/System/Library/Frameworks/JavaVM.framework/Frameworks/JavaRuntimeSupport.framework/JavaRuntimeSupport
0x0000000108aca000 	/System/Library/Frameworks/JavaVM.framework/Versions/A/Frameworks/JavaNativeFoundation.framework/Versions/A/JavaNativeFoundation
0x00000001009f2000 	/System/Library/Frameworks/JavaVM.framework/Versions/A/JavaVM
0x000000001ab8d000 	/System/Library/Frameworks/Carbon.framework/Versions/A/Carbon
0x0000000108adf000 	/System/Library/PrivateFrameworks/JavaLaunching.framework/Versions/A/JavaLaunching
0x000000001ab8d000 	/System/Library/Frameworks/Carbon.framework/Versions/A/Frameworks/CommonPanels.framework/Versions/A/CommonPanels
0x000000001ab8d000 	/System/Library/Frameworks/Carbon.framework/Versions/A/Frameworks/Help.framework/Versions/A/Help
0x000000001ab8d000 	/System/Library/Frameworks/Carbon.framework/Versions/A/Frameworks/ImageCapture.framework/Versions/A/ImageCapture
0x000000001ab8d000 	/System/Library/Frameworks/Carbon.framework/Versions/A/Frameworks/OpenScripting.framework/Versions/A/OpenScripting
0x000000001ab8d000 	/System/Library/Frameworks/Carbon.framework/Versions/A/Frameworks/Print.framework/Versions/A/Print
0x000000001ab8d000 	/System/Library/Frameworks/Carbon.framework/Versions/A/Frameworks/SecurityHI.framework/Versions/A/SecurityHI
0x0000000108be8000 	/Library/Java/JavaVirtualMachines/jdk1.8.0_101.jdk/Contents/Home/jre/lib/libawt.dylib
0x0000000108c90000 	/Library/Java/JavaVirtualMachines/jdk1.8.0_101.jdk/Contents/Home/jre/lib/./libmlib_image.dylib
0x0000000108d5c000 	/Library/Java/JavaVirtualMachines/jdk1.8.0_101.jdk/Contents/Home/jre/lib/libawt_lwawt.dylib
0x0000000108e11000 	/Library/Java/JavaVirtualMachines/jdk1.8.0_101.jdk/Contents/Home/jre/lib/./libosxapp.dylib
0x000000001ab8d000 	/System/Library/Frameworks/ExceptionHandling.framework/Versions/A/ExceptionHandling
0x000000001ab8d000 	/System/Library/PrivateFrameworks/CoreServicesInternal.framework/Versions/A/CoreServicesInternal
0x0000000108e75000 	/Library/Java/JavaVirtualMachines/jdk1.8.0_101.jdk/Contents/Home/jre/lib/libfontmanager.dylib
0x0000000108edc000 	/Library/Java/JavaVirtualMachines/jdk1.8.0_101.jdk/Contents/Home/jre/lib/libosx.dylib
0x0000000108ef1000 	/Library/Java/JavaVirtualMachines/jdk1.8.0_101.jdk/Contents/Home/jre/lib/libsunec.dylib
0x000000010901d000 	/Library/Java/JavaVirtualMachines/jdk1.8.0_101.jdk/Contents/Home/jre/lib/libnet.dylib
0x0000000109537000 	/Library/Java/JavaVirtualMachines/jdk1.8.0_101.jdk/Contents/Home/jre/lib/libnio.dylib

VM Arguments:
jvm_args: -javaagent:/Users/cameronpartee/.m2/repository/com/google/appengine/appengine-java-sdk/1.9.4/appengine-java-sdk/appengine-java-sdk-1.9.4/lib/agent/appengine-agent.jar -Xbootclasspath/p:/Users/cameronpartee/.m2/repository/com/google/appengine/appengine-java-sdk/1.9.4/appengine-java-sdk/appengine-java-sdk-1.9.4/lib/override/appengine-dev-jdk-overrides.jar -Dappengine.fullscan.seconds=5 
java_command: com.google.appengine.tools.development.DevAppServerMain --allow_remote_shutdown /Users/cameronpartee/Documents/GitHub/spelman-472-2017-2/helloworld-endpoints/target/helloworld-1.0-SNAPSHOT
java_class_path (initial): /Users/cameronpartee/.m2/repository/com/google/appengine/appengine-java-sdk/1.9.4/appengine-java-sdk/appengine-java-sdk-1.9.4/lib/appengine-tools-api.jar:/Users/cameronpartee/.m2/repository/com/google/appengine/appengine-java-sdk/1.9.4/appengine-java-sdk/appengine-java-sdk-1.9.4/lib/agent/appengine-agent.jar
Launcher Type: SUN_STANDARD

Environment Variables:
PATH=/usr/bin:/bin:/usr/sbin:/sbin
SHELL=/bin/bash

Signal Handlers:
SIGSEGV: [libjvm.dylib+0x5af145], sa_mask[0]=11111111011111110111111111111111, sa_flags=SA_ONSTACK|SA_RESTART|SA_SIGINFO
SIGBUS: [libjvm.dylib+0x5af145], sa_mask[0]=11111111011111110111111111111111, sa_flags=SA_RESTART|SA_SIGINFO
SIGFPE: [libjvm.dylib+0x48694c], sa_mask[0]=11111111011111110111111111111111, sa_flags=SA_RESTART|SA_SIGINFO
SIGPIPE: [libjvm.dylib+0x48694c], sa_mask[0]=11111111011111110111111111111111, sa_flags=SA_RESTART|SA_SIGINFO
SIGXFSZ: [libjvm.dylib+0x48694c], sa_mask[0]=11111111011111110111111111111111, sa_flags=SA_RESTART|SA_SIGINFO
SIGILL: [libjvm.dylib+0x48694c], sa_mask[0]=11111111011111110111111111111111, sa_flags=SA_RESTART|SA_SIGINFO
SIGUSR1: SIG_DFL, sa_mask[0]=00000000000000000000000000000000, sa_flags=none
SIGUSR2: [libjvm.dylib+0x48646a], sa_mask[0]=00100000000000000000000000000000, sa_flags=SA_RESTART|SA_SIGINFO
SIGHUP: [libjvm.dylib+0x484a41], sa_mask[0]=11111111011111110111111111111111, sa_flags=SA_RESTART|SA_SIGINFO
SIGINT: [libjvm.dylib+0x484a41], sa_mask[0]=11111111011111110111111111111111, sa_flags=SA_RESTART|SA_SIGINFO
SIGTERM: [libjvm.dylib+0x484a41], sa_mask[0]=11111111011111110111111111111111, sa_flags=SA_RESTART|SA_SIGINFO
SIGQUIT: [libjvm.dylib+0x484a41], sa_mask[0]=11111111011111110111111111111111, sa_flags=SA_RESTART|SA_SIGINFO


---------------  S Y S T E M  ---------------

OS:Bsduname:Darwin 16.7.0 Darwin Kernel Version 16.7.0: Wed Oct  4 00:17:00 PDT 2017; root:xnu-3789.71.6~1/RELEASE_X86_64 x86_64
rlimit: STACK 8192k, CORE 0k, NPROC 709, NOFILE 10240, AS infinity
load average:2.15 2.06 1.97

CPU:total 4 (2 cores per cpu, 2 threads per core) family 6 model 69 stepping 1, cmov, cx8, fxsr, mmx, sse, sse2, sse3, ssse3, sse4.1, sse4.2, popcnt, avx, avx2, aes, clmul, erms, lzcnt, ht, tsc, tscinvbit, bmi1, bmi2

Memory: 4k page, physical 8388608k(31932k free)

/proc/meminfo:


vm_info: Java HotSpot(TM) 64-Bit Server VM (25.101-b13) for bsd-amd64 JRE (1.8.0_101-b13), built on Jun 22 2016 02:42:15 by "java_re" with gcc 4.2.1 (Based on Apple Inc. build 5658) (LLVM build 2336.11.00)

time: Mon Nov 20 02:11:58 2017
elapsed time: 72 seconds (0d 0h 1m 12s)

