#
# A fatal error has been detected by the Java Runtime Environment:
#
#  SIGBUS (0xa) at pc=0x000000010f9d8e92, pid=6006, tid=0x0000000000007b03
#
# JRE version: Java(TM) SE Runtime Environment (8.0_101-b13) (build 1.8.0_101-b13)
# Java VM: Java HotSpot(TM) 64-Bit Server VM (25.101-b13 mixed mode bsd-amd64 compressed oops)
# Problematic frame:
# C  [libzip.dylib+0x2e92]  newEntry+0x154
#
# Failed to write core dump. Core dumps have been disabled. To enable core dumping, try "ulimit -c unlimited" before starting Java again
#
# If you would like to submit a bug report, please visit:
#   http://bugreport.java.com/bugreport/crash.jsp
# The crash happened outside the Java Virtual Machine in native code.
# See problematic frame for where to report the bug.
#

---------------  T H R E A D  ---------------

Current thread (0x00007fb3924ea000):  JavaThread "Timer-1" daemon [_thread_in_native, id=31491, stack(0x0000700007d9e000,0x0000700007e9e000)]

siginfo: si_signo: 10 (SIGBUS), si_code: 2 (BUS_ADRERR), si_addr: 0x00000001286c8262

Registers:
RAX=0x00007fb391de1810, RBX=0x00000001286c8256, RCX=0x0000000000000001, RDX=0x0000000000000000
RSP=0x0000700007e9d010, RBP=0x0000700007e9d070, RSI=0x0000000000000048, RDI=0x000000010d8da000
R8 =0x0000000000000048, R9 =0x00007fb3944c28e0, R10=0x0000000118829d84, R11=0x00000000000010c8
R12=0x0000000000000000, R13=0x0000000795c35b88, R14=0x00007fb391de1810, R15=0x00007fb3924ea000
RIP=0x000000010f9d8e92, EFLAGS=0x0000000000010206, ERR=0x0000000000000004
  TRAPNO=0x000000000000000e

Top of Stack: (sp=0x0000700007e9d010)
0x0000700007e9d010:   000000010e138a00 0000000100000005
0x0000700007e9d020:   000000010d8da000 00007fb394400000
0x0000700007e9d030:   0000700007e9d050 00007fb391de1810
0x0000700007e9d040:   00007fb3944c28e0 00000000000010c7
0x0000700007e9d050:   0000000000000000 0000000795c35b88
0x0000700007e9d060:   00007fb391de1810 00007fb3924ea000
0x0000700007e9d070:   0000700007e9d090 000000010f9d9441
0x0000700007e9d080:   0000700007e9d270 0000700007e9d0e0
0x0000700007e9d090:   0000700007e9d0a0 000000010f9d8157
0x0000700007e9d0a0:   0000700007e9d0f0 0000000118829df6
0x0000700007e9d0b0:   0000000795c35b78 0000003800000038
0x0000700007e9d0c0:   0000002900000029 00000000000000cf
0x0000700007e9d0d0:   00000007959f4950 000000010c39f000
0x0000700007e9d0e0:   00000007400002a0 000000010ee88c63
0x0000700007e9d0f0:   00000007403c4e70 0000000118dc7118
0x0000700007e9d100:   00000028f2b3e70e 00000007959eae98
0x0000700007e9d110:   00000007c001bcf8 00000007959eaed8
0x0000700007e9d120:   00000007c00016d0 00000007958db790
0x0000700007e9d130:   00000007c003da68 00000007c000da48
0x0000700007e9d140:   00000007c003c100 00000007c003e078
0x0000700007e9d150:   00000007c001a6a8 00000007c003e270
0x0000700007e9d160:   00000007c001a250 00000007c0020520
0x0000700007e9d170:   00000007c00fc428 00000007c0055540
0x0000700007e9d180:   00000007403c4df8 00000007403c4df8
0x0000700007e9d190:   00000007403c4e80 00000007403bccd0
0x0000700007e9d1a0:   00000007403c4e80 000000079586c7d0
0x0000700007e9d1b0:   00000007959f0cb0 0000000100000000
0x0000700007e9d1c0:   00000007959f1a00 f2b3e8d7f2b3e69c
0x0000700007e9d1d0:   00000007959f34e0 00000007959f46b8
0x0000700007e9d1e0:   00000007959f4f88 00000007959f4fa0
0x0000700007e9d1f0:   00000007959f46b8 00000007403c4de8
0x0000700007e9d200:   00000007403c4de8 00000007403c4e70 

Instructions: (pc=0x000000010f9d8e92)
0x000000010f9d8e72:   49 8b 7f 38 e8 5b 1b 00 00 4d 89 77 38 49 89 5f
0x000000010f9d8e82:   40 4c 89 f0 48 85 c0 0f 84 11 05 00 00 48 89 c3
0x000000010f9d8e92:   0f b6 43 0c 0f b6 4b 0d 48 c1 e1 08 48 01 c1 0f
0x000000010f9d8ea2:   b6 43 0e 0f b6 53 0f 48 c1 e2 08 48 01 c2 48 c1 

Register to memory mapping:

RAX=0x00007fb391de1810 is an unknown value
RBX=0x00000001286c8256 is an unknown value
RCX=0x0000000000000001 is an unknown value
RDX=0x0000000000000000 is an unknown value
RSP=0x0000700007e9d010 is pointing into the stack for thread: 0x00007fb3924ea000
RBP=0x0000700007e9d070 is pointing into the stack for thread: 0x00007fb3924ea000
RSI=0x0000000000000048 is an unknown value
RDI=0x000000010d8da000 is an unknown value
R8 =0x0000000000000048 is an unknown value
R9 =0x00007fb3944c28e0 is an unknown value
R10=0x0000000118829d84 is at entry_point+68 in (nmethod*)0x0000000118829bd0
R11=0x00000000000010c8 is an unknown value
R12=0x0000000000000000 is an unknown value
R13=0x0000000795c35b88 is an oop
