#
# A fatal error has been detected by the Java Runtime Environment:
#
#  SIGBUS (0xa) at pc=0x000000010de36e92, pid=19979, tid=0x0000000000007f03
#
# JRE version: Java(TM) SE Runtime Environment (8.0_101-b13) (build 1.8.0_101-b13)
# Java VM: Java HotSpot(TM) 64-Bit Server VM (25.101-b13 mixed mode bsd-amd64 compressed oops)
# Problematic frame:
# C  [libzip.dylib+0x2e92]  newEntry+0x154
#
# Failed to write core dump. Core dumps have been disabled. To enable core dumping, try "ulimit -c unlimited" before starting Java again
#
# If you would like to submit a bug report, please visit:
#   http://bugreport.java.com/bugreport/crash.jsp
# The crash happened outside the Java Virtual Machine in native code.
# See problematic frame for where to report the bug.
#

---------------  T H R E A D  ---------------

Current thread (0x00007fe06dd22800):  JavaThread "Timer-1" daemon [_thread_in_native, id=32515, stack(0x000070000f781000,0x000070000f881000)]

siginfo: si_signo: 10 (SIGBUS), si_code: 2 (BUS_ADRERR), si_addr: 0x0000000126a0de72

Registers:
RAX=0x00007fe06c4ce400, RBX=0x0000000126a0de66, RCX=0x0000000000000001, RDX=0x0000000000000100
RSP=0x000070000f880030, RBP=0x000070000f880090, RSI=0x0000000000020000, RDI=0x000000000000012f
R8 =0x0000000000000048, R9 =0x00007fe06c612ec0, R10=0x00000000fffe0000, R11=0x000000000000000b
R12=0x0000000000000000, R13=0x000070000f880208, R14=0x00007fe06c4ce400, R15=0x00007fe06dd22800
RIP=0x000000010de36e92, EFLAGS=0x0000000000010206, ERR=0x0000000000000004
  TRAPNO=0x000000000000000e

Top of Stack: (sp=0x000070000f880030)
0x000070000f880030:   000000010c59d400 0000000100000005
0x000070000f880040:   000000010c529000 00007fe06c700000
0x000070000f880050:   000070000f880070 00007fe06c4ce400
0x000070000f880060:   00007fe06c612ec0 00000000000004c2
0x000070000f880070:   0000000000000000 000070000f880208
0x000070000f880080:   00007fe06c4ce400 00007fe06dd22800
0x000070000f880090:   000070000f8800b0 000000010de37441
0x000070000f8800a0:   000000010f440048 000070000f880100
0x000070000f8800b0:   000070000f8800c0 000000010de36157
0x000070000f8800c0:   000070000f880110 0000000110f8f9f6
0x000070000f8800d0:   000070000f880100 00007fe06dd22800
0x000070000f8800e0:   00007fe06dd22800 0000000795a4e9d8
0x000070000f8800f0:   0000000000000035 000070000f880210
0x000070000f880100:   0000000740000318 0000000110b3d5d0
0x000070000f880110:   0000000000001d79 0000000110fab7a0
0x000070000f880120:   000000079599cd40 000000079599d668
0x000070000f880130:   000000079599d668 f2b339a8f2b339a8
0x000070000f880140:   000000079599cd40 0000000795a84828
0x000070000f880150:   00007fe00000005a 0000000795a848e8
0x000070000f880160:   0000000126970e00 0000000126970e00
0x000070000f880170:   0000000126970e00 0000000126970af1
0x000070000f880180:   0000000000000000 0000000126970a87
0x000070000f880190:   00007fe06dd22800 00007fe06dd22800
0x000070000f8801a0:   000070000f8801f0 000000010d0e69de
0x000070000f8801b0:   000000079599d650 0000000110fb03d0
0x000070000f8801c0:   0000000795a84828 000070000f880208
0x000070000f8801d0:   000000010eeb7f40 0000000000000000
0x000070000f8801e0:   000070000f880250 0000000110b3fa90
0x000070000f8801f0:   000070000f880250 0000000110b40114
0x000070000f880200:   0000000110b40114 000000079599d650
0x000070000f880210:   000070000f880210 0000000126970a93
0x000070000f880220:   000070000f8802f0 0000000126971028 

Instructions: (pc=0x000000010de36e92)
0x000000010de36e72:   49 8b 7f 38 e8 5b 1b 00 00 4d 89 77 38 49 89 5f
0x000000010de36e82:   40 4c 89 f0 48 85 c0 0f 84 11 05 00 00 48 89 c3
0x000000010de36e92:   0f b6 43 0c 0f b6 4b 0d 48 c1 e1 08 48 01 c1 0f
0x000000010de36ea2:   b6 43 0e 0f b6 53 0f 48 c1 e2 08 48 01 c2 48 c1 

Register to memory mapping:

RAX=0x00007fe06c4ce400 is an unknown value
RBX=0x0000000126a0de66 is an unknown value
RCX=0x0000000000000001 is an unknown value
RDX=0x0000000000000100 is an unknown value
RSP=0x000070000f880030 is pointing into the stack for thread: 0x00007fe06dd22800
RBP=0x000070000f880090 is pointing into the stack for thread: 0x00007fe06dd22800
RSI=0x0000000000020000 is an unknown value
RDI=0x000000000000012f is an unknown value
R8 =0x0000000000000048 is an unknown value
R9 =0x00007fe06c612ec0 is an unknown value
R10=0x00000000fffe0000 is an unknown value
R11=0x000000000000000b is an unknown value
R12=0x0000000000000000 is an unknown value
R13=0x000070000f880208 is pointing into the stack for thread: 0x00007fe06dd22800
R14=0x00007fe06c4ce400 is an unknown value
R15=0x00007fe06dd22800 is a thread


Stack: [0x000070000f781000,0x000070000f881000],  sp=0x000070000f880030,  free space=1020k
Native frames: (J=compiled Java code, j=interpreted, Vv=VM code, C=native code)
C  [libzip.dylib+0x2e92]  newEntry+0x154
C  [libzip.dylib+0x3441]  ZIP_GetNextEntry+0x37
C  [libzip.dylib+0x2157]  Java_java_util_zip_ZipFile_getNextEntry+0xe
J 1300  java.util.zip.ZipFile.getNextEntry(JI)J (0 bytes) @ 0x0000000110f8f9f6 [0x0000000110f8f940+0xb6]
J 1317 C2 java.util.zip.ZipFile$ZipEntryIterator.next()Ljava/util/zip/ZipEntry; (212 bytes) @ 0x0000000110fab7a0 [0x0000000110fab6c0+0xe0]
J 1312 C2 java.util.jar.JarFile$JarEntryIterator.nextElement()Ljava/lang/Object; (5 bytes) @ 0x0000000110fb03d0 [0x0000000110fb0380+0x50]
j  org.mortbay.jetty.webapp.TagLibConfiguration.configureWebApp()V+515
j  org.mortbay.jetty.webapp.WebAppContext.startContext()V+114
j  org.mortbay.jetty.handler.ContextHandler.doStart()V+141
j  org.mortbay.jetty.webapp.WebAppContext.doStart()V+220
j  org.mortbay.component.AbstractLifeCycle.start()V+31
j  org.mortbay.jetty.handler.HandlerWrapper.doStart()V+11
j  org.mortbay.component.AbstractLifeCycle.start()V+31
j  com.google.appengine.tools.development.JettyContainerService.reloadWebApp()V+163
j  com.google.appengine.tools.development.JettyContainerService$2.filesChanged(Ljava/util/List;)V+12
j  org.mortbay.util.Scanner.reportBulkChanges(Ljava/util/List;)V+38
j  org.mortbay.util.Scanner.reportDifferences(Ljava/util/Map;Ljava/util/Map;)V+345
j  org.mortbay.util.Scanner.scan()V+13
j  org.mortbay.util.Scanner$1.run()V+4
j  java.util.TimerThread.mainLoop()V+221
j  java.util.TimerThread.run()V+1
v  ~StubRoutines::call_stub
V  [libjvm.dylib+0x2ecf06]
V  [libjvm.dylib+0x2ed694]
V  [libjvm.dylib+0x2ed840]
V  [libjvm.dylib+0x348029]
V  [libjvm.dylib+0x5695ab]
V  [libjvm.dylib+0x56ac98]
V  [libjvm.dylib+0x48933a]
C  [libsystem_pthread.dylib+0x393b]  _pthread_body+0xb4
C  [libsystem_pthread.dylib+0x3887]  _pthread_body+0x0
C  [libsystem_pthread.dylib+0x308d]  thread_start+0xd
C  0x0000000000000000

Java frames: (J=compiled Java code, j=interpreted, Vv=VM code)
J 1300  java.util.zip.ZipFile.getNextEntry(JI)J (0 bytes) @ 0x0000000110f8f984 [0x0000000110f8f940+0x44]
J 1317 C2 java.util.zip.ZipFile$ZipEntryIterator.next()Ljava/util/zip/ZipEntry; (212 bytes) @ 0x0000000110fab7a0 [0x0000000110fab6c0+0xe0]
J 1312 C2 java.util.jar.JarFile$JarEntryIterator.nextElement()Ljava/lang/Object; (5 bytes) @ 0x0000000110fb03d0 [0x0000000110fb0380+0x50]
j  org.mortbay.jetty.webapp.TagLibConfiguration.configureWebApp()V+515
j  org.mortbay.jetty.webapp.WebAppContext.startContext()V+114
j  org.mortbay.jetty.handler.ContextHandler.doStart()V+141
j  org.mortbay.jetty.webapp.WebAppContext.doStart()V+220
j  org.mortbay.component.AbstractLifeCycle.start()V+31
j  org.mortbay.jetty.handler.HandlerWrapper.doStart()V+11
j  org.mortbay.component.AbstractLifeCycle.start()V+31
j  com.google.appengine.tools.development.JettyContainerService.reloadWebApp()V+163
j  com.google.appengine.tools.development.JettyContainerService$2.filesChanged(Ljava/util/List;)V+12
j  org.mortbay.util.Scanner.reportBulkChanges(Ljava/util/List;)V+38
j  org.mortbay.util.Scanner.reportDifferences(Ljava/util/Map;Ljava/util/Map;)V+345
j  org.mortbay.util.Scanner.scan()V+13
j  org.mortbay.util.Scanner$1.run()V+4
j  java.util.TimerThread.mainLoop()V+221
j  java.util.TimerThread.run()V+1
v  ~StubRoutines::call_stub

---------------  P R O C E S S  ---------------

Java Threads: ( => current thread )
  0x00007fe06d242000 JavaThread "1028723903@qtp-1961176822-6" [_thread_blocked, id=33539, stack(0x000070000fa8a000,0x000070000fb8a000)]
  0x00007fe06e8a9000 JavaThread "1662313173@qtp-1961176822-5" [_thread_blocked, id=33027, stack(0x000070000f987000,0x000070000fa87000)]
  0x00007fe06e89f800 JavaThread "1603489294@qtp-1961176822-4" [_thread_blocked, id=4871, stack(0x000070000f884000,0x000070000f984000)]
  0x00007fe06e0f8000 JavaThread "1283092918@qtp-1961176822-2" [_thread_blocked, id=30995, stack(0x000070000e548000,0x000070000e648000)]
=>0x00007fe06dd22800 JavaThread "Timer-1" daemon [_thread_in_native, id=32515, stack(0x000070000f781000,0x000070000f881000)]
  0x00007fe06e15c800 JavaThread "945288723@qtp-1961176822-1 - Acceptor0 SelectChannelConnector@127.0.0.1:8080" [_thread_in_native, id=32003, stack(0x000070000f67e000,0x000070000f77e000)]
  0x00007fe06da62800 JavaThread "1217467887@qtp-1961176822-0" [_thread_blocked, id=31491, stack(0x000070000f57b000,0x000070000f67b000)]
  0x00007fe06e10e000 JavaThread "Timer-0" daemon [_thread_blocked, id=30471, stack(0x000070000f375000,0x000070000f475000)]
  0x00007fe06e036800 JavaThread "Service Thread" daemon [_thread_blocked, id=17923, stack(0x000070000f16f000,0x000070000f26f000)]
  0x00007fe06e057800 JavaThread "C1 CompilerThread2" daemon [_thread_blocked, id=17411, stack(0x000070000f06c000,0x000070000f16c000)]
  0x00007fe06c8e1000 JavaThread "C2 CompilerThread1" daemon [_thread_in_native, id=16899, stack(0x000070000ef69000,0x000070000f069000)]
  0x00007fe06c860000 JavaThread "C2 CompilerThread0" daemon [_thread_in_native, id=16387, stack(0x000070000ee66000,0x000070000ef66000)]
  0x00007fe06c84a800 JavaThread "Signal Dispatcher" daemon [_thread_blocked, id=15879, stack(0x000070000ed63000,0x000070000ee63000)]
  0x00007fe06e000800 JavaThread "Finalizer" daemon [_thread_blocked, id=12291, stack(0x000070000ec60000,0x000070000ed60000)]
  0x00007fe06c815000 JavaThread "Reference Handler" daemon [_thread_blocked, id=11779, stack(0x000070000eb5d000,0x000070000ec5d000)]
  0x00007fe06e002000 JavaThread "main" [_thread_blocked, id=775, stack(0x00007fff536d3000,0x00007fff53ed3000)]

Other Threads:
  0x00007fe06c810800 VMThread [stack: 0x000070000ea5a000,0x000070000eb5a000] [id=11267]
  0x00007fe06e02f000 WatcherThread [stack: 0x000070000f272000,0x000070000f372000] [id=18435]

VM state:not at safepoint (normal execution)

VM Mutex/Monitor currently owned by a thread: None

Heap:
 PSYoungGen      total 71680K, used 10268K [0x0000000795580000, 0x000000079e000000, 0x00000007c0000000)
  eden space 66560K, 7% used [0x0000000795580000,0x0000000795a89978,0x0000000799680000)
  from space 5120K, 99% used [0x0000000799680000,0x0000000799b7d860,0x0000000799b80000)
  to   space 9216K, 0% used [0x000000079d700000,0x000000079d700000,0x000000079e000000)
 ParOldGen       total 47616K, used 8243K [0x0000000740000000, 0x0000000742e80000, 0x0000000795580000)
  object space 47616K, 17% used [0x0000000740000000,0x000000074080cfd8,0x0000000742e80000)
 Metaspace       used 26658K, capacity 27028K, committed 27264K, reserved 1073152K
  class space    used 3314K, capacity 3432K, committed 3456K, reserved 1048576K

Card table byte_map: [0x000000010e1fd000,0x000000010e5fe000] byte_map_base: 0x000000010a7fd000

Marking Bits: (ParMarkBitMap*) 0x000000010d6edd20
 Begin Bits: [0x000000011fb38000, 0x0000000121b38000)
 End Bits:   [0x0000000121b38000, 0x0000000123b38000)

Polling page: 0x000000010c52f000

CodeCache: size=245760Kb used=7397Kb max_used=7397Kb free=238362Kb
 bounds [0x0000000110b38000, 0x0000000111288000, 0x000000011fb38000]
 total_blobs=2650 nmethods=2210 adapters=353
 compilation: enabled

Compilation events (10 events):
Event: 82.305 Thread 0x00007fe06e057800 nmethod 2240 0x0000000111267150 code [0x0000000111267340, 0x0000000111267d08]
Event: 82.305 Thread 0x00007fe06e057800 2241       3       org.mortbay.xml.XmlParser$Node$1::hasNext (99 bytes)
Event: 82.306 Thread 0x00007fe06e057800 nmethod 2241 0x0000000111268150 code [0x0000000111268340, 0x0000000111268da8]
Event: 82.306 Thread 0x00007fe06e057800 2243  s    3       org.mortbay.xml.XmlParser$Node::toString (221 bytes)
Event: 82.309 Thread 0x00007fe06e057800 nmethod 2243 0x000000011126dd90 code [0x000000011126e160, 0x00000001112716a8]
Event: 82.309 Thread 0x00007fe06e057800 2242  s!   3       org.mortbay.xml.XmlParser$Node::toString (32 bytes)
Event: 82.309 Thread 0x00007fe06e057800 nmethod 2242 0x0000000111272d10 code [0x0000000111272ec0, 0x0000000111273618]
Event: 82.309 Thread 0x00007fe06e057800 2249  s    3       org.mortbay.jetty.servlet.PathMap::put (325 bytes)
Event: 82.311 Thread 0x00007fe06c860000 nmethod 2201 0x0000000111273910 code [0x0000000111273b80, 0x0000000111275a98]
Event: 82.311 Thread 0x00007fe06c860000 2238       4       com.sun.org.apache.xerces.internal.impl.XMLEntityScanner::scanContent (690 bytes)

GC Heap History (10 events):
Event: 1.796 GC heap before
{Heap before GC invocations=2 (full 0):
 PSYoungGen      total 38400K, used 38392K [0x0000000795580000, 0x0000000798000000, 0x00000007c0000000)
  eden space 33280K, 100% used [0x0000000795580000,0x0000000797600000,0x0000000797600000)
  from space 5120K, 99% used [0x0000000797600000,0x0000000797afe2b0,0x0000000797b00000)
  to   space 5120K, 0% used [0x0000000797b00000,0x0000000797b00000,0x0000000798000000)
 ParOldGen       total 87552K, used 1076K [0x0000000740000000, 0x0000000745580000, 0x0000000795580000)
  object space 87552K, 1% used [0x0000000740000000,0x000000074010d310,0x0000000745580000)
 Metaspace       used 15759K, capacity 15970K, committed 16000K, reserved 1062912K
  class space    used 1828K, capacity 1910K, committed 1920K, reserved 1048576K
Event: 1.810 GC heap after
Heap after GC invocations=2 (full 0):
 PSYoungGen      total 38400K, used 5092K [0x0000000795580000, 0x000000079a080000, 0x00000007c0000000)
  eden space 33280K, 0% used [0x0000000795580000,0x0000000795580000,0x0000000797600000)
  from space 5120K, 99% used [0x0000000797b00000,0x0000000797ff9160,0x0000000798000000)
  to   space 5120K, 0% used [0x0000000797600000,0x0000000797600000,0x0000000797b00000)
 ParOldGen       total 87552K, used 3652K [0x0000000740000000, 0x0000000745580000, 0x0000000795580000)
  object space 87552K, 4% used [0x0000000740000000,0x00000007403910f8,0x0000000745580000)
 Metaspace       used 15759K, capacity 15970K, committed 16000K, reserved 1062912K
  class space    used 1828K, capacity 1910K, committed 1920K, reserved 1048576K
}
Event: 12.961 GC heap before
{Heap before GC invocations=3 (full 0):
 PSYoungGen      total 38400K, used 38372K [0x0000000795580000, 0x000000079a080000, 0x00000007c0000000)
  eden space 33280K, 100% used [0x0000000795580000,0x0000000797600000,0x0000000797600000)
  from space 5120K, 99% used [0x0000000797b00000,0x0000000797ff9160,0x0000000798000000)
  to   space 5120K, 0% used [0x0000000797600000,0x0000000797600000,0x0000000797b00000)
 ParOldGen       total 87552K, used 3652K [0x0000000740000000, 0x0000000745580000, 0x0000000795580000)
  object space 87552K, 4% used [0x0000000740000000,0x00000007403910f8,0x0000000745580000)
 Metaspace       used 19647K, capacity 19914K, committed 20224K, reserved 1067008K
  class space    used 2332K, capacity 2434K, committed 2560K, reserved 1048576K
Event: 12.977 GC heap after
Heap after GC invocations=3 (full 0):
 PSYoungGen      total 38400K, used 5103K [0x0000000795580000, 0x000000079a080000, 0x00000007c0000000)
  eden space 33280K, 0% used [0x0000000795580000,0x0000000795580000,0x0000000797600000)
  from space 5120K, 99% used [0x0000000797600000,0x0000000797afbcd8,0x0000000797b00000)
  to   space 5120K, 0% used [0x0000000799b80000,0x0000000799b80000,0x000000079a080000)
 ParOldGen       total 87552K, used 7046K [0x0000000740000000, 0x0000000745580000, 0x0000000795580000)
  object space 87552K, 8% used [0x0000000740000000,0x00000007406e1818,0x0000000745580000)
 Metaspace       used 19647K, capacity 19914K, committed 20224K, reserved 1067008K
  class space    used 2332K, capacity 2434K, committed 2560K, reserved 1048576K
}
Event: 13.152 GC heap before
{Heap before GC invocations=4 (full 0):
 PSYoungGen      total 38400K, used 13576K [0x0000000795580000, 0x000000079a080000, 0x00000007c0000000)
  eden space 33280K, 25% used [0x0000000795580000,0x0000000795dc65c8,0x0000000797600000)
  from space 5120K, 99% used [0x0000000797600000,0x0000000797afbcd8,0x0000000797b00000)
  to   space 5120K, 0% used [0x0000000799b80000,0x0000000799b80000,0x000000079a080000)
 ParOldGen       total 87552K, used 7046K [0x0000000740000000, 0x0000000745580000, 0x0000000795580000)
  object space 87552K, 8% used [0x0000000740000000,0x00000007406e1818,0x0000000745580000)
 Metaspace       used 20737K, capacity 21040K, committed 21296K, reserved 1069056K
  class space    used 2469K, capacity 2595K, committed 2688K, reserved 1048576K
Event: 13.163 GC heap after
Heap after GC invocations=4 (full 0):
 PSYoungGen      total 71680K, used 5098K [0x0000000795580000, 0x000000079a080000, 0x00000007c0000000)
  eden space 66560K, 0% used [0x0000000795580000,0x0000000795580000,0x0000000799680000)
  from space 5120K, 99% used [0x0000000799b80000,0x000000079a07a980,0x000000079a080000)
  to   space 5120K, 0% used [0x0000000799680000,0x0000000799680000,0x0000000799b80000)
 ParOldGen       total 87552K, used 8027K [0x0000000740000000, 0x0000000745580000, 0x0000000795580000)
  object space 87552K, 9% used [0x0000000740000000,0x00000007407d6f10,0x0000000745580000)
 Metaspace       used 20737K, capacity 21040K, committed 21296K, reserved 1069056K
  class space    used 2469K, capacity 2595K, committed 2688K, reserved 1048576K
}
Event: 13.163 GC heap before
{Heap before GC invocations=5 (full 1):
 PSYoungGen      total 71680K, used 5098K [0x0000000795580000, 0x000000079a080000, 0x00000007c0000000)
  eden space 66560K, 0% used [0x0000000795580000,0x0000000795580000,0x0000000799680000)
  from space 5120K, 99% used [0x0000000799b80000,0x000000079a07a980,0x000000079a080000)
  to   space 5120K, 0% used [0x0000000799680000,0x0000000799680000,0x0000000799b80000)
 ParOldGen       total 87552K, used 8027K [0x0000000740000000, 0x0000000745580000, 0x0000000795580000)
  object space 87552K, 9% used [0x0000000740000000,0x00000007407d6f10,0x0000000745580000)
 Metaspace       used 20737K, capacity 21040K, committed 21296K, reserved 1069056K
  class space    used 2469K, capacity 2595K, committed 2688K, reserved 1048576K
Event: 13.205 GC heap after
Heap after GC invocations=5 (full 1):
 PSYoungGen      total 71680K, used 0K [0x0000000795580000, 0x000000079a080000, 0x00000007c0000000)
  eden space 66560K, 0% used [0x0000000795580000,0x0000000795580000,0x0000000799680000)
  from space 5120K, 0% used [0x0000000799b80000,0x0000000799b80000,0x000000079a080000)
  to   space 5120K, 0% used [0x0000000799680000,0x0000000799680000,0x0000000799b80000)
 ParOldGen       total 47616K, used 6091K [0x0000000740000000, 0x0000000742e80000, 0x0000000795580000)
  object space 47616K, 12% used [0x0000000740000000,0x00000007405f2d70,0x0000000742e80000)
 Metaspace       used 20733K, capacity 21034K, committed 21296K, reserved 1069056K
  class space    used 2468K, capacity 2593K, committed 2688K, reserved 1048576K
}
Event: 57.229 GC heap before
{Heap before GC invocations=6 (full 1):
 PSYoungGen      total 71680K, used 66560K [0x0000000795580000, 0x000000079a080000, 0x00000007c0000000)
  eden space 66560K, 100% used [0x0000000795580000,0x0000000799680000,0x0000000799680000)
  from space 5120K, 0% used [0x0000000799b80000,0x0000000799b80000,0x000000079a080000)
  to   space 5120K, 0% used [0x0000000799680000,0x0000000799680000,0x0000000799b80000)
 ParOldGen       total 47616K, used 6091K [0x0000000740000000, 0x0000000742e80000, 0x0000000795580000)
  object space 47616K, 12% used [0x0000000740000000,0x00000007405f2d70,0x0000000742e80000)
 Metaspace       used 26619K, capacity 26964K, committed 27264K, reserved 1073152K
  class space    used 3312K, capacity 3432K, committed 3456K, reserved 1048576K
Event: 57.236 GC heap after
Heap after GC invocations=6 (full 1):
 PSYoungGen      total 71680K, used 5110K [0x0000000795580000, 0x000000079e000000, 0x00000007c0000000)
  eden space 66560K, 0% used [0x0000000795580000,0x0000000795580000,0x0000000799680000)
  from space 5120K, 99% used [0x0000000799680000,0x0000000799b7d860,0x0000000799b80000)
  to   space 9216K, 0% used [0x000000079d700000,0x000000079d700000,0x000000079e000000)
 ParOldGen       total 47616K, used 8243K [0x0000000740000000, 0x0000000742e80000, 0x0000000795580000)
  object space 47616K, 17% used [0x0000000740000000,0x000000074080cfd8,0x0000000742e80000)
 Metaspace       used 26619K, capacity 26964K, committed 27264K, reserved 1073152K
  class space    used 3312K, capacity 3432K, committed 3456K, reserved 1048576K
}

Deoptimization events (10 events):
Event: 14.214 Thread 0x00007fe06d242000 Uncommon trap: reason=bimorphic action=maybe_recompile pc=0x00000001110a328c method=java.util.HashMap.putVal(ILjava/lang/Object;Ljava/lang/Object;ZZ)Ljava/lang/Object; @ 203
Event: 14.214 Thread 0x00007fe06d242000 Uncommon trap: reason=bimorphic action=maybe_recompile pc=0x00000001110a328c method=java.util.HashMap.putVal(ILjava/lang/Object;Ljava/lang/Object;ZZ)Ljava/lang/Object; @ 203
Event: 14.280 Thread 0x00007fe06d242000 Uncommon trap: reason=unstable_if action=reinterpret pc=0x00000001111acb1c method=java.util.HashMap.putVal(ILjava/lang/Object;Ljava/lang/Object;ZZ)Ljava/lang/Object; @ 162
Event: 14.281 Thread 0x00007fe06d242000 Uncommon trap: reason=unstable_if action=reinterpret pc=0x0000000110e273c4 method=java.util.HashMap.getNode(ILjava/lang/Object;)Ljava/util/HashMap$Node; @ 84
Event: 14.281 Thread 0x00007fe06d242000 Uncommon trap: reason=unstable_if action=reinterpret pc=0x0000000111092818 method=java.util.HashMap.resize()[Ljava/util/HashMap$Node; @ 206
Event: 14.372 Thread 0x00007fe06da62800 Uncommon trap: reason=bimorphic action=maybe_recompile pc=0x00000001110c0058 method=java.util.regex.Pattern$CharProperty.match(Ljava/util/regex/Matcher;ILjava/lang/CharSequence;)Z @ 37
Event: 14.372 Thread 0x00007fe06da62800 Uncommon trap: reason=bimorphic action=maybe_recompile pc=0x00000001110c0058 method=java.util.regex.Pattern$CharProperty.match(Ljava/util/regex/Matcher;ILjava/lang/CharSequence;)Z @ 37
Event: 47.223 Thread 0x00007fe06dd22800 Uncommon trap: reason=unstable_if action=reinterpret pc=0x000000011123dbb4 method=java.io.ExpiringCache.entryFor(Ljava/lang/String;)Ljava/io/ExpiringCache$Entry; @ 39
Event: 47.223 Thread 0x00007fe06dd22800 Uncommon trap: reason=unstable_if action=reinterpret pc=0x000000011112b7f4 method=java.io.ExpiringCache.entryFor(Ljava/lang/String;)Ljava/io/ExpiringCache$Entry; @ 39
Event: 82.277 Thread 0x00007fe06dd22800 Uncommon trap: reason=unstable_if action=reinterpret pc=0x00000001112459b8 method=java.io.UnixFileSystem.canonicalize(Ljava/lang/String;)Ljava/lang/String; @ 171

Internal exceptions (10 events):
Event: 1.813 Thread 0x00007fe06e002000 Implicit null exception at 0x0000000110f9fb85 to 0x0000000110fa0209
Event: 12.958 Thread 0x00007fe06da62800 Implicit null exception at 0x00000001110ad7d8 to 0x00000001110ad866
Event: 12.958 Thread 0x00007fe06da62800 Implicit null exception at 0x0000000110d496ef to 0x0000000110d49759
Event: 13.223 Thread 0x00007fe06dd26800 Exception <a 'java/lang/NoClassDefFoundError': org/apache/log4j/Category> (0x000000079570db48) thrown at [/HUDSON3/workspace/8-2-build-macosx-x86_64/jdk8u101/7261/hotspot/src/share/vm/classfile/systemDictionary.cpp, line 199]
Event: 13.416 Thread 0x00007fe06da62800 Exception <a 'java/lang/ArrayIndexOutOfBoundsException': 18> (0x0000000795e42a88) thrown at [/HUDSON3/workspace/8-2-build-macosx-x86_64/jdk8u101/7261/hotspot/src/share/vm/interpreter/interpreterRuntime.cpp, line 366]
Event: 13.417 Thread 0x00007fe06da62800 Exception <a 'java/lang/ArrayIndexOutOfBoundsException': 67> (0x0000000795e449e0) thrown at [/HUDSON3/workspace/8-2-build-macosx-x86_64/jdk8u101/7261/hotspot/src/share/vm/interpreter/interpreterRuntime.cpp, line 366]
Event: 13.995 Thread 0x00007fe06d242000 Implicit null exception at 0x0000000110e66d35 to 0x0000000110e66f61
Event: 14.396 Thread 0x00007fe06dd26800 Exception <a 'java/net/SocketTimeoutException': Read timed out> (0x0000000797007b28) thrown at [/HUDSON3/workspace/8-2-build-macosx-x86_64/jdk8u101/7261/hotspot/src/share/vm/prims/jni.cpp, line 735]
Event: 14.474 Thread 0x00007fe06dd26800 Exception <a 'java/net/SocketTimeoutException': Read timed out> (0x0000000797016b90) thrown at [/HUDSON3/workspace/8-2-build-macosx-x86_64/jdk8u101/7261/hotspot/src/share/vm/prims/jni.cpp, line 735]
Event: 14.574 Thread 0x00007fe06dd26800 Exception <a 'java/net/SocketTimeoutException': Read timed out> (0x000000079929db68) thrown at [/HUDSON3/workspace/8-2-build-macosx-x86_64/jdk8u101/7261/hotspot/src/share/vm/prims/jni.cpp, line 735]

Events (10 events):
Event: 82.248 loading class com/google/apphosting/utils/config/AppEngineWebXml$ScalingType done
Event: 82.249 loading class com/google/appengine/tools/development/ApplicationConfigurationManager$1
Event: 82.249 loading class com/google/appengine/tools/development/ApplicationConfigurationManager$1 done
Event: 82.277 Thread 0x00007fe06dd22800 Uncommon trap: trap_request=0xffffff65 fr.pc=0x00000001112459b8
Event: 82.277 Thread 0x00007fe06dd22800 DEOPT PACKING pc=0x00000001112459b8 sp=0x000070000f87f0d0
Event: 82.277 Thread 0x00007fe06dd22800 DEOPT UNPACKING pc=0x0000000110b3d229 sp=0x000070000f87f0d8 mode 2
Event: 82.299 loading class com/google/appengine/tools/development/PrivilegedJspServlet
Event: 82.299 loading class com/google/appengine/tools/development/PrivilegedJspServlet done
Event: 82.304 Thread 0x00007fe06dd22800 DEOPT PACKING pc=0x0000000110fceadd sp=0x000070000f87fb50
Event: 82.304 Thread 0x00007fe06dd22800 DEOPT UNPACKING pc=0x0000000110b7f633 sp=0x000070000f87f918 mode 0


Dynamic libraries:
0x000000001ab8d000 	/System/Library/Frameworks/Cocoa.framework/Versions/A/Cocoa
0x000000001ab8d000 	/System/Library/Frameworks/Security.framework/Versions/A/Security
0x000000001ab8d000 	/System/Library/Frameworks/ApplicationServices.framework/Versions/A/ApplicationServices
0x000000001ab8d000 	/usr/lib/libz.1.dylib
0x000000010bd47000 	/usr/lib/libSystem.B.dylib
0x000000001ab8d000 	/usr/lib/libobjc.A.dylib
0x000000001ab8d000 	/System/Library/Frameworks/CoreFoundation.framework/Versions/A/CoreFoundation
0x000000001ab8d000 	/System/Library/Frameworks/Foundation.framework/Versions/C/Foundation
0x000000001ab8d000 	/System/Library/Frameworks/AppKit.framework/Versions/C/AppKit
0x000000001ab8d000 	/System/Library/Frameworks/CoreData.framework/Versions/A/CoreData
0x000000001ab8d000 	/System/Library/PrivateFrameworks/RemoteViewServices.framework/Versions/A/RemoteViewServices
0x000000001ab8d000 	/System/Library/PrivateFrameworks/UIFoundation.framework/Versions/A/UIFoundation
0x000000001ab8d000 	/System/Library/PrivateFrameworks/DFRFoundation.framework/Versions/A/DFRFoundation
0x000000001ab8d000 	/usr/lib/libenergytrace.dylib
0x000000001ab8d000 	/System/Library/PrivateFrameworks/SkyLight.framework/Versions/A/SkyLight
0x000000001ab8d000 	/System/Library/Frameworks/CoreGraphics.framework/Versions/A/CoreGraphics
0x000000001ab8d000 	/usr/lib/libScreenReader.dylib
0x000000001ab8d000 	/System/Library/Frameworks/Accelerate.framework/Versions/A/Accelerate
0x000000001ab8d000 	/System/Library/Frameworks/IOSurface.framework/Versions/A/IOSurface
0x000000001ab8d000 	/System/Library/Frameworks/AudioToolbox.framework/Versions/A/AudioToolbox
0x000000001ab8d000 	/System/Library/Frameworks/AudioUnit.framework/Versions/A/AudioUnit
0x000000001ab8d000 	/System/Library/PrivateFrameworks/DataDetectorsCore.framework/Versions/A/DataDetectorsCore
0x000000001ab8d000 	/System/Library/PrivateFrameworks/DesktopServicesPriv.framework/Versions/A/DesktopServicesPriv
0x000000001ab8d000 	/System/Library/Frameworks/Carbon.framework/Versions/A/Frameworks/HIToolbox.framework/Versions/A/HIToolbox
0x000000001ab8d000 	/usr/lib/libicucore.A.dylib
0x000000001ab8d000 	/System/Library/Frameworks/QuartzCore.framework/Versions/A/QuartzCore
0x000000001ab8d000 	/System/Library/Frameworks/Carbon.framework/Versions/A/Frameworks/SpeechRecognition.framework/Versions/A/SpeechRecognition
0x000000001ab8d000 	/usr/lib/libauto.dylib
0x000000001ab8d000 	/usr/lib/libxml2.2.dylib
0x000000001ab8d000 	/System/Library/PrivateFrameworks/CoreUI.framework/Versions/A/CoreUI
0x000000001ab8d000 	/System/Library/Frameworks/CoreAudio.framework/Versions/A/CoreAudio
0x000000001ab8d000 	/System/Library/Frameworks/DiskArbitration.framework/Versions/A/DiskArbitration
0x000000001ab8d000 	/usr/lib/liblangid.dylib
0x000000001ab8d000 	/System/Library/PrivateFrameworks/MultitouchSupport.framework/Versions/A/MultitouchSupport
0x000000010bd4e000 	/System/Library/Frameworks/IOKit.framework/Versions/A/IOKit
0x000000001ab8d000 	/usr/lib/libDiagnosticMessagesClient.dylib
0x000000001ab8d000 	/System/Library/Frameworks/CoreServices.framework/Versions/A/CoreServices
0x000000001ab8d000 	/System/Library/PrivateFrameworks/PerformanceAnalysis.framework/Versions/A/PerformanceAnalysis
0x000000001ab8d000 	/System/Library/PrivateFrameworks/GenerationalStorage.framework/Versions/A/GenerationalStorage
0x000000001ab8d000 	/System/Library/Frameworks/OpenGL.framework/Versions/A/OpenGL
0x000000001ab8d000 	/System/Library/Frameworks/CoreImage.framework/Versions/A/CoreImage
0x000000001ab8d000 	/System/Library/Frameworks/CoreText.framework/Versions/A/CoreText
0x000000001ab8d000 	/System/Library/Frameworks/ImageIO.framework/Versions/A/ImageIO
0x000000001ab8d000 	/System/Library/PrivateFrameworks/Backup.framework/Versions/A/Backup
0x000000001ab8d000 	/usr/lib/libarchive.2.dylib
0x000000010be2a000 	/System/Library/Frameworks/CFNetwork.framework/Versions/A/CFNetwork
0x000000001ab8d000 	/System/Library/Frameworks/SystemConfiguration.framework/Versions/A/SystemConfiguration
0x000000001ab8d000 	/usr/lib/libCRFSuite.dylib
0x000000001ab8d000 	/usr/lib/libc++.1.dylib
0x000000001ab8d000 	/usr/lib/libc++abi.dylib
0x000000001ab8d000 	/usr/lib/system/libcache.dylib
0x000000001ab8d000 	/usr/lib/system/libcommonCrypto.dylib
0x000000001ab8d000 	/usr/lib/system/libcompiler_rt.dylib
0x000000001ab8d000 	/usr/lib/system/libcopyfile.dylib
0x000000001ab8d000 	/usr/lib/system/libcorecrypto.dylib
0x000000001ab8d000 	/usr/lib/system/libdispatch.dylib
0x000000010c530000 	/usr/lib/system/libdyld.dylib
0x000000001ab8d000 	/usr/lib/system/libkeymgr.dylib
0x000000001ab8d000 	/usr/lib/system/liblaunch.dylib
0x000000001ab8d000 	/usr/lib/system/libmacho.dylib
0x000000001ab8d000 	/usr/lib/system/libquarantine.dylib
0x000000001ab8d000 	/usr/lib/system/libremovefile.dylib
0x000000001ab8d000 	/usr/lib/system/libsystem_asl.dylib
0x000000001ab8d000 	/usr/lib/system/libsystem_blocks.dylib
0x000000001ab8d000 	/usr/lib/system/libsystem_c.dylib
0x000000001ab8d000 	/usr/lib/system/libsystem_configuration.dylib
0x000000001ab8d000 	/usr/lib/system/libsystem_coreservices.dylib
0x000000001ab8d000 	/usr/lib/system/libsystem_coretls.dylib
0x000000001ab8d000 	/usr/lib/system/libsystem_dnssd.dylib
0x000000001ab8d000 	/usr/lib/system/libsystem_info.dylib
0x000000010c541000 	/usr/lib/system/libsystem_kernel.dylib
0x000000001ab8d000 	/usr/lib/system/libsystem_m.dylib
0x000000001ab8d000 	/usr/lib/system/libsystem_malloc.dylib
0x000000001ab8d000 	/usr/lib/system/libsystem_network.dylib
0x000000001ab8d000 	/usr/lib/system/libsystem_networkextension.dylib
0x000000001ab8d000 	/usr/lib/system/libsystem_notify.dylib
0x000000001ab8d000 	/usr/lib/system/libsystem_platform.dylib
0x000000001ab8d000 	/usr/lib/system/libsystem_pthread.dylib
0x000000010c57d000 	/usr/lib/system/libsystem_sandbox.dylib
0x000000001ab8d000 	/usr/lib/system/libsystem_secinit.dylib
0x000000001ab8d000 	/usr/lib/system/libsystem_symptoms.dylib
0x000000001ab8d000 	/usr/lib/system/libsystem_trace.dylib
0x000000001ab8d000 	/usr/lib/system/libunwind.dylib
0x000000001ab8d000 	/usr/lib/system/libxpc.dylib
0x000000001ab8d000 	/usr/lib/libbsm.0.dylib
0x000000010c589000 	/usr/lib/system/libkxld.dylib
0x000000001ab8d000 	/usr/lib/libcoretls.dylib
0x000000001ab8d000 	/usr/lib/libcoretls_cfhelpers.dylib
0x000000001ab8d000 	/usr/lib/libOpenScriptingUtil.dylib
0x000000001ab8d000 	/usr/lib/libpam.2.dylib
0x000000001ab8d000 	/usr/lib/libsqlite3.dylib
0x000000001ab8d000 	/usr/lib/libxar.1.dylib
0x000000001ab8d000 	/usr/lib/libbz2.1.0.dylib
0x000000001ab8d000 	/usr/lib/liblzma.5.dylib
0x000000001ab8d000 	/usr/lib/libnetwork.dylib
0x000000001ab8d000 	/usr/lib/libpcap.A.dylib
0x000000001ab8d000 	/System/Library/Frameworks/CoreServices.framework/Versions/A/Frameworks/FSEvents.framework/Versions/A/FSEvents
0x000000001ab8d000 	/System/Library/Frameworks/CoreServices.framework/Versions/A/Frameworks/CarbonCore.framework/Versions/A/CarbonCore
0x000000001ab8d000 	/System/Library/Frameworks/CoreServices.framework/Versions/A/Frameworks/Metadata.framework/Versions/A/Metadata
0x000000001ab8d000 	/System/Library/Frameworks/CoreServices.framework/Versions/A/Frameworks/OSServices.framework/Versions/A/OSServices
0x000000001ab8d000 	/System/Library/Frameworks/CoreServices.framework/Versions/A/Frameworks/SearchKit.framework/Versions/A/SearchKit
0x000000001ab8d000 	/System/Library/Frameworks/CoreServices.framework/Versions/A/Frameworks/AE.framework/Versions/A/AE
0x000000001ab8d000 	/System/Library/Frameworks/CoreServices.framework/Versions/A/Frameworks/LaunchServices.framework/Versions/A/LaunchServices
0x000000001ab8d000 	/System/Library/Frameworks/CoreServices.framework/Versions/A/Frameworks/DictionaryServices.framework/Versions/A/DictionaryServices
0x000000001ab8d000 	/System/Library/Frameworks/CoreServices.framework/Versions/A/Frameworks/SharedFileList.framework/Versions/A/SharedFileList
0x000000001ab8d000 	/System/Library/Frameworks/NetFS.framework/Versions/A/NetFS
0x000000001ab8d000 	/System/Library/PrivateFrameworks/NetAuth.framework/Versions/A/NetAuth
0x000000001ab8d000 	/System/Library/PrivateFrameworks/login.framework/Versions/A/Frameworks/loginsupport.framework/Versions/A/loginsupport
0x000000001ab8d000 	/System/Library/PrivateFrameworks/TCC.framework/Versions/A/TCC
0x000000001ab8d000 	/usr/lib/libmecabra.dylib
0x000000001ab8d000 	/System/Library/Frameworks/ApplicationServices.framework/Versions/A/Frameworks/ATS.framework/Versions/A/ATS
0x000000001ab8d000 	/System/Library/Frameworks/ApplicationServices.framework/Versions/A/Frameworks/ColorSync.framework/Versions/A/ColorSync
0x000000001ab8d000 	/System/Library/Frameworks/ApplicationServices.framework/Versions/A/Frameworks/HIServices.framework/Versions/A/HIServices
0x000000001ab8d000 	/System/Library/Frameworks/ApplicationServices.framework/Versions/A/Frameworks/LangAnalysis.framework/Versions/A/LangAnalysis
0x000000001ab8d000 	/System/Library/Frameworks/ApplicationServices.framework/Versions/A/Frameworks/PrintCore.framework/Versions/A/PrintCore
0x000000001ab8d000 	/System/Library/Frameworks/ApplicationServices.framework/Versions/A/Frameworks/QD.framework/Versions/A/QD
0x000000001ab8d000 	/System/Library/Frameworks/ApplicationServices.framework/Versions/A/Frameworks/SpeechSynthesis.framework/Versions/A/SpeechSynthesis
0x000000001ab8d000 	/System/Library/Frameworks/Accelerate.framework/Versions/A/Frameworks/vImage.framework/Versions/A/vImage
0x000000001ab8d000 	/System/Library/Frameworks/Accelerate.framework/Versions/A/Frameworks/vecLib.framework/Versions/A/vecLib
0x000000001ab8d000 	/System/Library/Frameworks/Accelerate.framework/Versions/A/Frameworks/vecLib.framework/Versions/A/libvDSP.dylib
0x000000001ab8d000 	/System/Library/Frameworks/Accelerate.framework/Versions/A/Frameworks/vecLib.framework/Versions/A/libBNNS.dylib
0x000000001ab8d000 	/System/Library/Frameworks/Accelerate.framework/Versions/A/Frameworks/vecLib.framework/Versions/A/libQuadrature.dylib
0x000000001ab8d000 	/System/Library/Frameworks/Accelerate.framework/Versions/A/Frameworks/vecLib.framework/Versions/A/libvMisc.dylib
0x000000001ab8d000 	/System/Library/Frameworks/Accelerate.framework/Versions/A/Frameworks/vecLib.framework/Versions/A/libLAPACK.dylib
0x000000001ab8d000 	/System/Library/Frameworks/Accelerate.framework/Versions/A/Frameworks/vecLib.framework/Versions/A/libBLAS.dylib
0x000000001ab8d000 	/System/Library/Frameworks/Accelerate.framework/Versions/A/Frameworks/vecLib.framework/Versions/A/libLinearAlgebra.dylib
0x000000001ab8d000 	/System/Library/Frameworks/Accelerate.framework/Versions/A/Frameworks/vecLib.framework/Versions/A/libSparseBLAS.dylib
0x000000001ab8d000 	/System/Library/Frameworks/ApplicationServices.framework/Versions/A/Frameworks/ATS.framework/Versions/A/Resources/libFontParser.dylib
0x000000001ab8d000 	/System/Library/Frameworks/ApplicationServices.framework/Versions/A/Frameworks/ATS.framework/Versions/A/Resources/libFontRegistry.dylib
0x000000001ab8d000 	/System/Library/Frameworks/ImageIO.framework/Versions/A/Resources/libJPEG.dylib
0x000000001ab8d000 	/System/Library/Frameworks/ImageIO.framework/Versions/A/Resources/libTIFF.dylib
0x000000001ab8d000 	/System/Library/Frameworks/ImageIO.framework/Versions/A/Resources/libPng.dylib
0x000000001ab8d000 	/System/Library/Frameworks/ImageIO.framework/Versions/A/Resources/libGIF.dylib
0x000000001ab8d000 	/System/Library/Frameworks/ImageIO.framework/Versions/A/Resources/libJP2.dylib
0x000000001ab8d000 	/System/Library/Frameworks/ImageIO.framework/Versions/A/Resources/libRadiance.dylib
0x000000001ab8d000 	/usr/lib/libcompression.dylib
0x000000001ab8d000 	/System/Library/PrivateFrameworks/AppleJPEG.framework/Versions/A/AppleJPEG
0x000000001ab8d000 	/usr/lib/libcups.2.dylib
0x000000001ab8d000 	/System/Library/Frameworks/Kerberos.framework/Versions/A/Kerberos
0x000000001ab8d000 	/System/Library/Frameworks/GSS.framework/Versions/A/GSS
0x000000001ab8d000 	/usr/lib/libresolv.9.dylib
0x000000001ab8d000 	/usr/lib/libiconv.2.dylib
0x000000001ab8d000 	/System/Library/PrivateFrameworks/Heimdal.framework/Versions/A/Heimdal
0x000000001ab8d000 	/usr/lib/libheimdal-asn1.dylib
0x000000001ab8d000 	/System/Library/Frameworks/OpenDirectory.framework/Versions/A/OpenDirectory
0x000000001ab8d000 	/System/Library/PrivateFrameworks/CommonAuth.framework/Versions/A/CommonAuth
0x000000001ab8d000 	/System/Library/Frameworks/OpenDirectory.framework/Versions/A/Frameworks/CFOpenDirectory.framework/Versions/A/CFOpenDirectory
0x000000001ab8d000 	/System/Library/Frameworks/SecurityFoundation.framework/Versions/A/SecurityFoundation
0x000000001ab8d000 	/System/Library/PrivateFrameworks/LanguageModeling.framework/Versions/A/LanguageModeling
0x000000001ab8d000 	/usr/lib/libmarisa.dylib
0x000000001ab8d000 	/usr/lib/libChineseTokenizer.dylib
0x000000001ab8d000 	/usr/lib/libcmph.dylib
0x000000001ab8d000 	/System/Library/PrivateFrameworks/CoreEmoji.framework/Versions/A/CoreEmoji
0x000000001ab8d000 	/System/Library/Frameworks/ServiceManagement.framework/Versions/A/ServiceManagement
0x000000001ab8d000 	/usr/lib/libxslt.1.dylib
0x000000001ab8d000 	/System/Library/Frameworks/Carbon.framework/Versions/A/Frameworks/Ink.framework/Versions/A/Ink
0x000000001ab8d000 	/System/Library/PrivateFrameworks/TextureIO.framework/Versions/A/TextureIO
0x000000001ab8d000 	/System/Library/Frameworks/Metal.framework/Versions/A/Metal
0x000000001ab8d000 	/usr/lib/libate.dylib
0x000000001ab8d000 	/System/Library/PrivateFrameworks/GPUCompiler.framework/libmetal_timestamp.dylib
0x000000001ab8d000 	/System/Library/Frameworks/OpenGL.framework/Versions/A/Libraries/libCoreFSCache.dylib
0x000000001ab8d000 	/System/Library/PrivateFrameworks/IOAccelerator.framework/Versions/A/IOAccelerator
0x000000001ab8d000 	/System/Library/Frameworks/CoreVideo.framework/Versions/A/CoreVideo
0x000000001ab8d000 	/usr/lib/libFosl_dynamic.dylib
0x000000001ab8d000 	/System/Library/PrivateFrameworks/MetalPerformanceShaders.framework/Versions/A/MetalPerformanceShaders
0x000000001ab8d000 	/System/Library/PrivateFrameworks/FaceCore.framework/Versions/A/FaceCore
0x000000001ab8d000 	/System/Library/Frameworks/OpenCL.framework/Versions/A/OpenCL
0x000000001ab8d000 	/System/Library/Frameworks/OpenGL.framework/Versions/A/Libraries/libGLU.dylib
0x000000001ab8d000 	/System/Library/Frameworks/OpenGL.framework/Versions/A/Libraries/libGFXShared.dylib
0x000000001ab8d000 	/System/Library/Frameworks/OpenGL.framework/Versions/A/Libraries/libGL.dylib
0x000000001ab8d000 	/System/Library/Frameworks/OpenGL.framework/Versions/A/Libraries/libGLImage.dylib
0x000000001ab8d000 	/System/Library/Frameworks/OpenGL.framework/Versions/A/Libraries/libCVMSPluginSupport.dylib
0x000000001ab8d000 	/System/Library/Frameworks/OpenGL.framework/Versions/A/Libraries/libCoreVMClient.dylib
0x000000001ab8d000 	/System/Library/PrivateFrameworks/CrashReporterSupport.framework/Versions/A/CrashReporterSupport
0x000000001ab8d000 	/System/Library/PrivateFrameworks/Sharing.framework/Versions/A/Sharing
0x000000001ab8d000 	/System/Library/PrivateFrameworks/IconServices.framework/Versions/A/IconServices
0x000000001ab8d000 	/System/Library/PrivateFrameworks/ProtocolBuffer.framework/Versions/A/ProtocolBuffer
0x000000001ab8d000 	/System/Library/PrivateFrameworks/Apple80211.framework/Versions/A/Apple80211
0x000000001ab8d000 	/System/Library/Frameworks/CoreWLAN.framework/Versions/A/CoreWLAN
0x000000001ab8d000 	/System/Library/PrivateFrameworks/CoreUtils.framework/Versions/A/CoreUtils
0x000000001ab8d000 	/System/Library/Frameworks/IOBluetooth.framework/Versions/A/IOBluetooth
0x000000001ab8d000 	/System/Library/PrivateFrameworks/CoreWiFi.framework/Versions/A/CoreWiFi
0x000000001ab8d000 	/System/Library/Frameworks/CoreBluetooth.framework/Versions/A/CoreBluetooth
0x000000001ab8d000 	/System/Library/Frameworks/CoreDisplay.framework/Versions/A/CoreDisplay
0x000000001ab8d000 	/System/Library/PrivateFrameworks/IOPresentment.framework/Versions/A/IOPresentment
0x000000001ab8d000 	/System/Library/PrivateFrameworks/DSExternalDisplay.framework/Versions/A/DSExternalDisplay
0x000000001ab8d000 	/System/Library/PrivateFrameworks/DebugSymbols.framework/Versions/A/DebugSymbols
0x000000001ab8d000 	/System/Library/PrivateFrameworks/CoreSymbolication.framework/Versions/A/CoreSymbolication
0x000000001ab8d000 	/System/Library/PrivateFrameworks/Symbolication.framework/Versions/A/Symbolication
0x000000001ab8d000 	/System/Library/PrivateFrameworks/AppleFSCompression.framework/Versions/A/AppleFSCompression
0x000000001ab8d000 	/System/Library/PrivateFrameworks/SpeechRecognitionCore.framework/Versions/A/SpeechRecognitionCore
0x000000001ab8d000 	/System/Library/PrivateFrameworks/ChunkingLibrary.framework/Versions/A/ChunkingLibrary
0x000000010ce00000 	/Library/Java/JavaVirtualMachines/jdk1.8.0_101.jdk/Contents/Home/jre/lib/server/libjvm.dylib
0x000000001ab8d000 	/usr/lib/libstdc++.6.dylib
0x000000010dd9d000 	/Library/Java/JavaVirtualMachines/jdk1.8.0_101.jdk/Contents/Home/jre/lib/libverify.dylib
0x000000010ddab000 	/Library/Java/JavaVirtualMachines/jdk1.8.0_101.jdk/Contents/Home/jre/lib/libjava.dylib
0x000000010dde0000 	/Library/Java/JavaVirtualMachines/jdk1.8.0_101.jdk/Contents/Home/jre/lib/libinstrument.dylib
0x000000010de34000 	/Library/Java/JavaVirtualMachines/jdk1.8.0_101.jdk/Contents/Home/jre/lib/libzip.dylib
0x0000000110778000 	/System/Library/Frameworks/JavaVM.framework/Frameworks/JavaRuntimeSupport.framework/JavaRuntimeSupport
0x0000000110792000 	/System/Library/Frameworks/JavaVM.framework/Versions/A/Frameworks/JavaNativeFoundation.framework/Versions/A/JavaNativeFoundation
0x00000001107a7000 	/System/Library/Frameworks/JavaVM.framework/Versions/A/JavaVM
0x000000001ab8d000 	/System/Library/Frameworks/Carbon.framework/Versions/A/Carbon
0x00000001107b4000 	/System/Library/PrivateFrameworks/JavaLaunching.framework/Versions/A/JavaLaunching
0x000000001ab8d000 	/System/Library/Frameworks/Carbon.framework/Versions/A/Frameworks/CommonPanels.framework/Versions/A/CommonPanels
0x000000001ab8d000 	/System/Library/Frameworks/Carbon.framework/Versions/A/Frameworks/Help.framework/Versions/A/Help
0x000000001ab8d000 	/System/Library/Frameworks/Carbon.framework/Versions/A/Frameworks/ImageCapture.framework/Versions/A/ImageCapture
0x000000001ab8d000 	/System/Library/Frameworks/Carbon.framework/Versions/A/Frameworks/OpenScripting.framework/Versions/A/OpenScripting
0x000000001ab8d000 	/System/Library/Frameworks/Carbon.framework/Versions/A/Frameworks/Print.framework/Versions/A/Print
0x000000001ab8d000 	/System/Library/Frameworks/Carbon.framework/Versions/A/Frameworks/SecurityHI.framework/Versions/A/SecurityHI
0x00000001108ca000 	/Library/Java/JavaVirtualMachines/jdk1.8.0_101.jdk/Contents/Home/jre/lib/libawt.dylib
0x0000000110972000 	/Library/Java/JavaVirtualMachines/jdk1.8.0_101.jdk/Contents/Home/jre/lib/./libmlib_image.dylib
0x00000001253f1000 	/Library/Java/JavaVirtualMachines/jdk1.8.0_101.jdk/Contents/Home/jre/lib/libawt_lwawt.dylib
0x0000000110a3e000 	/Library/Java/JavaVirtualMachines/jdk1.8.0_101.jdk/Contents/Home/jre/lib/./libosxapp.dylib
0x000000001ab8d000 	/System/Library/Frameworks/ExceptionHandling.framework/Versions/A/ExceptionHandling
0x000000001ab8d000 	/System/Library/PrivateFrameworks/CoreServicesInternal.framework/Versions/A/CoreServicesInternal
0x00000001254a6000 	/Library/Java/JavaVirtualMachines/jdk1.8.0_101.jdk/Contents/Home/jre/lib/libfontmanager.dylib
0x000000012550d000 	/Library/Java/JavaVirtualMachines/jdk1.8.0_101.jdk/Contents/Home/jre/lib/libosx.dylib
0x0000000125522000 	/Library/Java/JavaVirtualMachines/jdk1.8.0_101.jdk/Contents/Home/jre/lib/libsunec.dylib
0x000000012564e000 	/Library/Java/JavaVirtualMachines/jdk1.8.0_101.jdk/Contents/Home/jre/lib/libnet.dylib
0x00000001265b2000 	/Library/Java/JavaVirtualMachines/jdk1.8.0_101.jdk/Contents/Home/jre/lib/libnio.dylib

VM Arguments:
jvm_args: -javaagent:/Users/cameronpartee/.m2/repository/com/google/appengine/appengine-java-sdk/1.9.4/appengine-java-sdk/appengine-java-sdk-1.9.4/lib/agent/appengine-agent.jar -Xbootclasspath/p:/Users/cameronpartee/.m2/repository/com/google/appengine/appengine-java-sdk/1.9.4/appengine-java-sdk/appengine-java-sdk-1.9.4/lib/override/appengine-dev-jdk-overrides.jar -Dappengine.fullscan.seconds=5 
java_command: com.google.appengine.tools.development.DevAppServerMain --allow_remote_shutdown /Users/cameronpartee/Documents/GitHub/spelman-472-2017-2/helloworld-endpoints/target/helloworld-1.0-SNAPSHOT
java_class_path (initial): /Users/cameronpartee/.m2/repository/com/google/appengine/appengine-java-sdk/1.9.4/appengine-java-sdk/appengine-java-sdk-1.9.4/lib/appengine-tools-api.jar:/Users/cameronpartee/.m2/repository/com/google/appengine/appengine-java-sdk/1.9.4/appengine-java-sdk/appengine-java-sdk-1.9.4/lib/agent/appengine-agent.jar
Launcher Type: SUN_STANDARD

Environment Variables:
PATH=/usr/bin:/bin:/usr/sbin:/sbin
SHELL=/bin/bash

Signal Handlers:
SIGSEGV: [libjvm.dylib+0x5af145], sa_mask[0]=11111111011111110111111111111111, sa_flags=SA_ONSTACK|SA_RESTART|SA_SIGINFO
SIGBUS: [libjvm.dylib+0x5af145], sa_mask[0]=11111111011111110111111111111111, sa_flags=SA_RESTART|SA_SIGINFO
SIGFPE: [libjvm.dylib+0x48694c], sa_mask[0]=11111111011111110111111111111111, sa_flags=SA_RESTART|SA_SIGINFO
SIGPIPE: [libjvm.dylib+0x48694c], sa_mask[0]=11111111011111110111111111111111, sa_flags=SA_RESTART|SA_SIGINFO
SIGXFSZ: [libjvm.dylib+0x48694c], sa_mask[0]=11111111011111110111111111111111, sa_flags=SA_RESTART|SA_SIGINFO
SIGILL: [libjvm.dylib+0x48694c], sa_mask[0]=11111111011111110111111111111111, sa_flags=SA_RESTART|SA_SIGINFO
SIGUSR1: SIG_DFL, sa_mask[0]=00000000000000000000000000000000, sa_flags=none
SIGUSR2: [libjvm.dylib+0x48646a], sa_mask[0]=00100000000000000000000000000000, sa_flags=SA_RESTART|SA_SIGINFO
SIGHUP: [libjvm.dylib+0x484a41], sa_mask[0]=11111111011111110111111111111111, sa_flags=SA_RESTART|SA_SIGINFO
SIGINT: [libjvm.dylib+0x484a41], sa_mask[0]=11111111011111110111111111111111, sa_flags=SA_RESTART|SA_SIGINFO
SIGTERM: [libjvm.dylib+0x484a41], sa_mask[0]=11111111011111110111111111111111, sa_flags=SA_RESTART|SA_SIGINFO
SIGQUIT: [libjvm.dylib+0x484a41], sa_mask[0]=11111111011111110111111111111111, sa_flags=SA_RESTART|SA_SIGINFO


---------------  S Y S T E M  ---------------

OS:Bsduname:Darwin 16.7.0 Darwin Kernel Version 16.7.0: Wed Oct  4 00:17:00 PDT 2017; root:xnu-3789.71.6~1/RELEASE_X86_64 x86_64
rlimit: STACK 8192k, CORE 0k, NPROC 709, NOFILE 10240, AS infinity
load average:2.52 2.35 2.20

CPU:total 4 (2 cores per cpu, 2 threads per core) family 6 model 69 stepping 1, cmov, cx8, fxsr, mmx, sse, sse2, sse3, ssse3, sse4.1, sse4.2, popcnt, avx, avx2, aes, clmul, erms, lzcnt, ht, tsc, tscinvbit, bmi1, bmi2

Memory: 4k page, physical 8388608k(16084k free)

/proc/meminfo:


vm_info: Java HotSpot(TM) 64-Bit Server VM (25.101-b13) for bsd-amd64 JRE (1.8.0_101-b13), built on Jun 22 2016 02:42:15 by "java_re" with gcc 4.2.1 (Based on Apple Inc. build 5658) (LLVM build 2336.11.00)

time: Mon Nov 20 11:35:51 2017
elapsed time: 82 seconds (0d 0h 1m 22s)

